{"/Users/driangle/workplace/gg/kleur/ts/src/analysis.ts": {"path":"/Users/driangle/workplace/gg/kleur/ts/src/analysis.ts","all":false,"statementMap":{"0":{"start":{"line":1,"column":0},"end":{"line":1,"column":46}},"1":{"start":{"line":2,"column":0},"end":{"line":2,"column":37}},"4":{"start":{"line":5,"column":0},"end":{"line":5,"column":41}},"9":{"start":{"line":10,"column":0},"end":{"line":10,"column":54}},"10":{"start":{"line":11,"column":0},"end":{"line":11,"column":27}},"11":{"start":{"line":12,"column":0},"end":{"line":12,"column":10}},"12":{"start":{"line":13,"column":0},"end":{"line":13,"column":31}},"13":{"start":{"line":14,"column":0},"end":{"line":14,"column":33}},"14":{"start":{"line":15,"column":0},"end":{"line":15,"column":30}},"16":{"start":{"line":17,"column":0},"end":{"line":17,"column":1}},"21":{"start":{"line":22,"column":0},"end":{"line":22,"column":53}},"22":{"start":{"line":23,"column":0},"end":{"line":23,"column":39}},"23":{"start":{"line":24,"column":0},"end":{"line":24,"column":1}},"28":{"start":{"line":29,"column":0},"end":{"line":29,"column":52}},"29":{"start":{"line":30,"column":0},"end":{"line":30,"column":40}},"30":{"start":{"line":31,"column":0},"end":{"line":31,"column":1}},"35":{"start":{"line":36,"column":0},"end":{"line":36,"column":64}},"36":{"start":{"line":37,"column":0},"end":{"line":37,"column":26}},"37":{"start":{"line":38,"column":0},"end":{"line":38,"column":26}},"38":{"start":{"line":39,"column":0},"end":{"line":39,"column":35}},"39":{"start":{"line":40,"column":0},"end":{"line":40,"column":34}},"40":{"start":{"line":41,"column":0},"end":{"line":41,"column":44}},"41":{"start":{"line":42,"column":0},"end":{"line":42,"column":1}}},"s":{"0":1,"1":1,"4":1,"9":1,"10":36,"11":36,"12":36,"13":36,"14":36,"16":36,"21":1,"22":14,"23":14,"28":1,"29":10,"30":10,"35":1,"36":11,"37":11,"38":11,"39":11,"40":11,"41":11},"branchMap":{"0":{"type":"branch","line":10,"loc":{"start":{"line":10,"column":7},"end":{"line":17,"column":1}},"locations":[{"start":{"line":10,"column":7},"end":{"line":17,"column":1}}]},"1":{"type":"branch","line":22,"loc":{"start":{"line":22,"column":7},"end":{"line":24,"column":1}},"locations":[{"start":{"line":22,"column":7},"end":{"line":24,"column":1}}]},"2":{"type":"branch","line":29,"loc":{"start":{"line":29,"column":7},"end":{"line":31,"column":1}},"locations":[{"start":{"line":29,"column":7},"end":{"line":31,"column":1}}]},"3":{"type":"branch","line":36,"loc":{"start":{"line":36,"column":7},"end":{"line":42,"column":1}},"locations":[{"start":{"line":36,"column":7},"end":{"line":42,"column":1}}]}},"b":{"0":[36],"1":[14],"2":[10],"3":[11]},"fnMap":{"0":{"name":"luminance","decl":{"start":{"line":10,"column":7},"end":{"line":17,"column":1}},"loc":{"start":{"line":10,"column":7},"end":{"line":17,"column":1}},"line":10},"1":{"name":"isLight","decl":{"start":{"line":22,"column":7},"end":{"line":24,"column":1}},"loc":{"start":{"line":22,"column":7},"end":{"line":24,"column":1}},"line":22},"2":{"name":"isDark","decl":{"start":{"line":29,"column":7},"end":{"line":31,"column":1}},"loc":{"start":{"line":29,"column":7},"end":{"line":31,"column":1}},"line":29},"3":{"name":"contrast","decl":{"start":{"line":36,"column":7},"end":{"line":42,"column":1}},"loc":{"start":{"line":36,"column":7},"end":{"line":42,"column":1}},"line":36}},"f":{"0":36,"1":14,"2":10,"3":11}}
,"/Users/driangle/workplace/gg/kleur/ts/src/blend.ts": {"path":"/Users/driangle/workplace/gg/kleur/ts/src/blend.ts","all":false,"statementMap":{"0":{"start":{"line":1,"column":0},"end":{"line":1,"column":50}},"1":{"start":{"line":2,"column":0},"end":{"line":2,"column":49}},"2":{"start":{"line":3,"column":0},"end":{"line":3,"column":37}},"7":{"start":{"line":8,"column":0},"end":{"line":8,"column":20}},"8":{"start":{"line":9,"column":0},"end":{"line":9,"column":14}},"9":{"start":{"line":10,"column":0},"end":{"line":10,"column":17}},"10":{"start":{"line":11,"column":0},"end":{"line":11,"column":39}},"11":{"start":{"line":12,"column":0},"end":{"line":12,"column":10}},"12":{"start":{"line":13,"column":0},"end":{"line":13,"column":56}},"13":{"start":{"line":14,"column":0},"end":{"line":14,"column":60}},"14":{"start":{"line":15,"column":0},"end":{"line":15,"column":58}},"15":{"start":{"line":16,"column":0},"end":{"line":16,"column":40}},"16":{"start":{"line":17,"column":0},"end":{"line":17,"column":1}},"18":{"start":{"line":19,"column":0},"end":{"line":19,"column":55}},"19":{"start":{"line":20,"column":0},"end":{"line":20,"column":52}},"20":{"start":{"line":21,"column":0},"end":{"line":21,"column":1}},"22":{"start":{"line":23,"column":0},"end":{"line":23,"column":53}},"23":{"start":{"line":24,"column":0},"end":{"line":24,"column":68}},"24":{"start":{"line":25,"column":0},"end":{"line":25,"column":1}},"26":{"start":{"line":27,"column":0},"end":{"line":27,"column":54}},"27":{"start":{"line":28,"column":0},"end":{"line":28,"column":44}},"28":{"start":{"line":29,"column":0},"end":{"line":29,"column":52}},"29":{"start":{"line":30,"column":0},"end":{"line":30,"column":4}},"30":{"start":{"line":31,"column":0},"end":{"line":31,"column":1}},"32":{"start":{"line":33,"column":0},"end":{"line":33,"column":50}},"33":{"start":{"line":34,"column":0},"end":{"line":34,"column":65}},"34":{"start":{"line":35,"column":0},"end":{"line":35,"column":1}},"36":{"start":{"line":37,"column":0},"end":{"line":37,"column":55}},"37":{"start":{"line":38,"column":0},"end":{"line":38,"column":65}},"38":{"start":{"line":39,"column":0},"end":{"line":39,"column":1}},"40":{"start":{"line":41,"column":0},"end":{"line":41,"column":53}},"41":{"start":{"line":42,"column":0},"end":{"line":42,"column":61}},"42":{"start":{"line":43,"column":0},"end":{"line":43,"column":1}},"44":{"start":{"line":45,"column":0},"end":{"line":45,"column":54}},"45":{"start":{"line":46,"column":0},"end":{"line":46,"column":61}},"46":{"start":{"line":47,"column":0},"end":{"line":47,"column":1}},"48":{"start":{"line":49,"column":0},"end":{"line":49,"column":57}},"49":{"start":{"line":50,"column":0},"end":{"line":50,"column":44}},"50":{"start":{"line":51,"column":0},"end":{"line":51,"column":57}},"51":{"start":{"line":52,"column":0},"end":{"line":52,"column":4}},"52":{"start":{"line":53,"column":0},"end":{"line":53,"column":1}},"54":{"start":{"line":55,"column":0},"end":{"line":55,"column":56}},"55":{"start":{"line":56,"column":0},"end":{"line":56,"column":44}},"56":{"start":{"line":57,"column":0},"end":{"line":57,"column":61}},"57":{"start":{"line":58,"column":0},"end":{"line":58,"column":4}},"58":{"start":{"line":59,"column":0},"end":{"line":59,"column":1}},"60":{"start":{"line":61,"column":0},"end":{"line":61,"column":56}},"61":{"start":{"line":62,"column":0},"end":{"line":62,"column":44}},"62":{"start":{"line":63,"column":0},"end":{"line":63,"column":53}},"63":{"start":{"line":64,"column":0},"end":{"line":64,"column":4}},"64":{"start":{"line":65,"column":0},"end":{"line":65,"column":1}},"66":{"start":{"line":67,"column":0},"end":{"line":67,"column":56}},"67":{"start":{"line":68,"column":0},"end":{"line":68,"column":46}},"68":{"start":{"line":69,"column":0},"end":{"line":69,"column":55}},"69":{"start":{"line":70,"column":0},"end":{"line":70,"column":69}},"70":{"start":{"line":71,"column":0},"end":{"line":71,"column":37}},"71":{"start":{"line":72,"column":0},"end":{"line":72,"column":5}},"72":{"start":{"line":73,"column":0},"end":{"line":73,"column":1}},"74":{"start":{"line":75,"column":0},"end":{"line":75,"column":57}},"75":{"start":{"line":76,"column":0},"end":{"line":76,"column":62}},"76":{"start":{"line":77,"column":0},"end":{"line":77,"column":1}},"78":{"start":{"line":79,"column":0},"end":{"line":79,"column":56}},"79":{"start":{"line":80,"column":0},"end":{"line":80,"column":64}},"80":{"start":{"line":81,"column":0},"end":{"line":81,"column":1}},"82":{"start":{"line":83,"column":0},"end":{"line":83,"column":45}},"83":{"start":{"line":84,"column":0},"end":{"line":84,"column":11}},"84":{"start":{"line":85,"column":0},"end":{"line":85,"column":9}},"85":{"start":{"line":86,"column":0},"end":{"line":86,"column":10}},"86":{"start":{"line":87,"column":0},"end":{"line":87,"column":9}},"87":{"start":{"line":88,"column":0},"end":{"line":88,"column":10}},"88":{"start":{"line":89,"column":0},"end":{"line":89,"column":13}},"89":{"start":{"line":90,"column":0},"end":{"line":90,"column":12}},"90":{"start":{"line":91,"column":0},"end":{"line":91,"column":12}},"91":{"start":{"line":92,"column":0},"end":{"line":92,"column":12}},"92":{"start":{"line":93,"column":0},"end":{"line":93,"column":13}},"93":{"start":{"line":94,"column":0},"end":{"line":94,"column":12}},"94":{"start":{"line":95,"column":0},"end":{"line":95,"column":6}},"95":{"start":{"line":96,"column":0},"end":{"line":96,"column":11}},"96":{"start":{"line":97,"column":0},"end":{"line":97,"column":2}},"99":{"start":{"line":100,"column":0},"end":{"line":100,"column":22}},"100":{"start":{"line":101,"column":0},"end":{"line":101,"column":19}},"101":{"start":{"line":102,"column":0},"end":{"line":102,"column":22}},"102":{"start":{"line":103,"column":0},"end":{"line":103,"column":18}},"103":{"start":{"line":104,"column":0},"end":{"line":104,"column":10}},"104":{"start":{"line":105,"column":0},"end":{"line":105,"column":66}},"105":{"start":{"line":106,"column":0},"end":{"line":106,"column":12}},"106":{"start":{"line":107,"column":0},"end":{"line":107,"column":87}},"107":{"start":{"line":108,"column":0},"end":{"line":108,"column":3}},"108":{"start":{"line":109,"column":0},"end":{"line":109,"column":45}},"109":{"start":{"line":110,"column":0},"end":{"line":110,"column":1}},"117":{"start":{"line":118,"column":0},"end":{"line":118,"column":20}},"118":{"start":{"line":119,"column":0},"end":{"line":119,"column":16}},"119":{"start":{"line":120,"column":0},"end":{"line":120,"column":16}},"120":{"start":{"line":121,"column":0},"end":{"line":121,"column":10}},"121":{"start":{"line":122,"column":0},"end":{"line":122,"column":21}},"122":{"start":{"line":123,"column":0},"end":{"line":123,"column":10}},"123":{"start":{"line":124,"column":0},"end":{"line":124,"column":24}},"124":{"start":{"line":125,"column":0},"end":{"line":125,"column":24}},"125":{"start":{"line":126,"column":0},"end":{"line":126,"column":32}},"126":{"start":{"line":127,"column":0},"end":{"line":127,"column":44}},"127":{"start":{"line":128,"column":0},"end":{"line":128,"column":50}},"128":{"start":{"line":129,"column":0},"end":{"line":129,"column":48}},"129":{"start":{"line":130,"column":0},"end":{"line":130,"column":54}},"130":{"start":{"line":131,"column":0},"end":{"line":131,"column":36}},"131":{"start":{"line":132,"column":0},"end":{"line":132,"column":1}},"134":{"start":{"line":135,"column":0},"end":{"line":135,"column":21}}},"s":{"0":1,"1":1,"2":1,"7":43,"8":43,"9":43,"10":43,"11":43,"12":43,"13":43,"14":43,"15":43,"16":43,"18":10,"19":10,"20":10,"22":6,"23":6,"24":6,"26":2,"27":2,"28":6,"29":2,"30":2,"32":4,"33":4,"34":4,"36":2,"37":2,"38":2,"40":2,"41":2,"42":2,"44":2,"45":2,"46":2,"48":3,"49":3,"50":9,"51":3,"52":3,"54":3,"55":3,"56":9,"57":3,"58":3,"60":2,"61":2,"62":6,"63":2,"64":2,"66":3,"67":3,"68":9,"69":9,"70":9,"71":3,"72":3,"74":2,"75":2,"76":2,"78":2,"79":2,"80":2,"82":1,"83":1,"84":1,"85":1,"86":1,"87":1,"88":1,"89":1,"90":1,"91":1,"92":1,"93":1,"94":1,"95":1,"96":1,"99":1,"100":48,"101":48,"102":48,"103":48,"104":48,"105":48,"106":2,"107":2,"108":46,"109":46,"117":1,"118":9,"119":9,"120":9,"121":9,"122":9,"123":9,"124":9,"125":9,"126":9,"127":9,"128":9,"129":9,"130":9,"131":9,"134":1},"branchMap":{"0":{"type":"branch","line":8,"loc":{"start":{"line":8,"column":0},"end":{"line":17,"column":1}},"locations":[{"start":{"line":8,"column":0},"end":{"line":17,"column":1}}]},"1":{"type":"branch","line":19,"loc":{"start":{"line":19,"column":0},"end":{"line":21,"column":1}},"locations":[{"start":{"line":19,"column":0},"end":{"line":21,"column":1}}]},"2":{"type":"branch","line":20,"loc":{"start":{"line":20,"column":35},"end":{"line":20,"column":50}},"locations":[{"start":{"line":20,"column":35},"end":{"line":20,"column":50}}]},"3":{"type":"branch","line":23,"loc":{"start":{"line":23,"column":0},"end":{"line":25,"column":1}},"locations":[{"start":{"line":23,"column":0},"end":{"line":25,"column":1}}]},"4":{"type":"branch","line":24,"loc":{"start":{"line":24,"column":35},"end":{"line":24,"column":66}},"locations":[{"start":{"line":24,"column":35},"end":{"line":24,"column":66}}]},"5":{"type":"branch","line":27,"loc":{"start":{"line":27,"column":0},"end":{"line":31,"column":1}},"locations":[{"start":{"line":27,"column":0},"end":{"line":31,"column":1}}]},"6":{"type":"branch","line":28,"loc":{"start":{"line":28,"column":35},"end":{"line":29,"column":52}},"locations":[{"start":{"line":28,"column":35},"end":{"line":29,"column":52}}]},"7":{"type":"branch","line":29,"loc":{"start":{"line":29,"column":8},"end":{"line":29,"column":26}},"locations":[{"start":{"line":29,"column":8},"end":{"line":29,"column":26}}]},"8":{"type":"branch","line":29,"loc":{"start":{"line":29,"column":22},"end":{"line":29,"column":52}},"locations":[{"start":{"line":29,"column":22},"end":{"line":29,"column":52}}]},"9":{"type":"branch","line":33,"loc":{"start":{"line":33,"column":0},"end":{"line":35,"column":1}},"locations":[{"start":{"line":33,"column":0},"end":{"line":35,"column":1}}]},"10":{"type":"branch","line":34,"loc":{"start":{"line":34,"column":35},"end":{"line":34,"column":63}},"locations":[{"start":{"line":34,"column":35},"end":{"line":34,"column":63}}]},"11":{"type":"branch","line":37,"loc":{"start":{"line":37,"column":0},"end":{"line":39,"column":1}},"locations":[{"start":{"line":37,"column":0},"end":{"line":39,"column":1}}]},"12":{"type":"branch","line":38,"loc":{"start":{"line":38,"column":35},"end":{"line":38,"column":63}},"locations":[{"start":{"line":38,"column":35},"end":{"line":38,"column":63}}]},"13":{"type":"branch","line":41,"loc":{"start":{"line":41,"column":0},"end":{"line":43,"column":1}},"locations":[{"start":{"line":41,"column":0},"end":{"line":43,"column":1}}]},"14":{"type":"branch","line":42,"loc":{"start":{"line":42,"column":35},"end":{"line":42,"column":59}},"locations":[{"start":{"line":42,"column":35},"end":{"line":42,"column":59}}]},"15":{"type":"branch","line":45,"loc":{"start":{"line":45,"column":0},"end":{"line":47,"column":1}},"locations":[{"start":{"line":45,"column":0},"end":{"line":47,"column":1}}]},"16":{"type":"branch","line":46,"loc":{"start":{"line":46,"column":35},"end":{"line":46,"column":59}},"locations":[{"start":{"line":46,"column":35},"end":{"line":46,"column":59}}]},"17":{"type":"branch","line":49,"loc":{"start":{"line":49,"column":0},"end":{"line":53,"column":1}},"locations":[{"start":{"line":49,"column":0},"end":{"line":53,"column":1}}]},"18":{"type":"branch","line":50,"loc":{"start":{"line":50,"column":35},"end":{"line":51,"column":57}},"locations":[{"start":{"line":50,"column":35},"end":{"line":51,"column":57}}]},"19":{"type":"branch","line":51,"loc":{"start":{"line":51,"column":10},"end":{"line":51,"column":18}},"locations":[{"start":{"line":51,"column":10},"end":{"line":51,"column":18}}]},"20":{"type":"branch","line":51,"loc":{"start":{"line":51,"column":14},"end":{"line":51,"column":57}},"locations":[{"start":{"line":51,"column":14},"end":{"line":51,"column":57}}]},"21":{"type":"branch","line":51,"loc":{"start":{"line":51,"column":24},"end":{"line":51,"column":32}},"locations":[{"start":{"line":51,"column":24},"end":{"line":51,"column":32}}]},"22":{"type":"branch","line":51,"loc":{"start":{"line":51,"column":28},"end":{"line":51,"column":57}},"locations":[{"start":{"line":51,"column":28},"end":{"line":51,"column":57}}]},"23":{"type":"branch","line":55,"loc":{"start":{"line":55,"column":0},"end":{"line":59,"column":1}},"locations":[{"start":{"line":55,"column":0},"end":{"line":59,"column":1}}]},"24":{"type":"branch","line":56,"loc":{"start":{"line":56,"column":35},"end":{"line":57,"column":61}},"locations":[{"start":{"line":56,"column":35},"end":{"line":57,"column":61}}]},"25":{"type":"branch","line":57,"loc":{"start":{"line":57,"column":10},"end":{"line":57,"column":18}},"locations":[{"start":{"line":57,"column":10},"end":{"line":57,"column":18}}]},"26":{"type":"branch","line":57,"loc":{"start":{"line":57,"column":14},"end":{"line":57,"column":61}},"locations":[{"start":{"line":57,"column":14},"end":{"line":57,"column":61}}]},"27":{"type":"branch","line":57,"loc":{"start":{"line":57,"column":24},"end":{"line":57,"column":32}},"locations":[{"start":{"line":57,"column":24},"end":{"line":57,"column":32}}]},"28":{"type":"branch","line":57,"loc":{"start":{"line":57,"column":28},"end":{"line":57,"column":61}},"locations":[{"start":{"line":57,"column":28},"end":{"line":57,"column":61}}]},"29":{"type":"branch","line":61,"loc":{"start":{"line":61,"column":0},"end":{"line":65,"column":1}},"locations":[{"start":{"line":61,"column":0},"end":{"line":65,"column":1}}]},"30":{"type":"branch","line":62,"loc":{"start":{"line":62,"column":35},"end":{"line":63,"column":53}},"locations":[{"start":{"line":62,"column":35},"end":{"line":63,"column":53}}]},"31":{"type":"branch","line":63,"loc":{"start":{"line":63,"column":9},"end":{"line":63,"column":27}},"locations":[{"start":{"line":63,"column":9},"end":{"line":63,"column":27}}]},"32":{"type":"branch","line":63,"loc":{"start":{"line":63,"column":23},"end":{"line":63,"column":53}},"locations":[{"start":{"line":63,"column":23},"end":{"line":63,"column":53}}]},"33":{"type":"branch","line":67,"loc":{"start":{"line":67,"column":0},"end":{"line":73,"column":1}},"locations":[{"start":{"line":67,"column":0},"end":{"line":73,"column":1}}]},"34":{"type":"branch","line":68,"loc":{"start":{"line":68,"column":35},"end":{"line":72,"column":3}},"locations":[{"start":{"line":68,"column":35},"end":{"line":72,"column":3}}]},"35":{"type":"branch","line":69,"loc":{"start":{"line":69,"column":18},"end":{"line":69,"column":55}},"locations":[{"start":{"line":69,"column":18},"end":{"line":69,"column":55}}]},"36":{"type":"branch","line":69,"loc":{"start":{"line":69,"column":52},"end":{"line":70,"column":28}},"locations":[{"start":{"line":69,"column":52},"end":{"line":70,"column":28}}]},"37":{"type":"branch","line":70,"loc":{"start":{"line":70,"column":19},"end":{"line":70,"column":56}},"locations":[{"start":{"line":70,"column":19},"end":{"line":70,"column":56}}]},"38":{"type":"branch","line":70,"loc":{"start":{"line":70,"column":52},"end":{"line":70,"column":69}},"locations":[{"start":{"line":70,"column":52},"end":{"line":70,"column":69}}]},"39":{"type":"branch","line":75,"loc":{"start":{"line":75,"column":0},"end":{"line":77,"column":1}},"locations":[{"start":{"line":75,"column":0},"end":{"line":77,"column":1}}]},"40":{"type":"branch","line":76,"loc":{"start":{"line":76,"column":35},"end":{"line":76,"column":60}},"locations":[{"start":{"line":76,"column":35},"end":{"line":76,"column":60}}]},"41":{"type":"branch","line":79,"loc":{"start":{"line":79,"column":0},"end":{"line":81,"column":1}},"locations":[{"start":{"line":79,"column":0},"end":{"line":81,"column":1}}]},"42":{"type":"branch","line":80,"loc":{"start":{"line":80,"column":35},"end":{"line":80,"column":62}},"locations":[{"start":{"line":80,"column":35},"end":{"line":80,"column":62}}]},"43":{"type":"branch","line":100,"loc":{"start":{"line":100,"column":7},"end":{"line":110,"column":1}},"locations":[{"start":{"line":100,"column":7},"end":{"line":110,"column":1}}]},"44":{"type":"branch","line":105,"loc":{"start":{"line":105,"column":29},"end":{"line":105,"column":49}},"locations":[{"start":{"line":105,"column":29},"end":{"line":105,"column":49}}]},"45":{"type":"branch","line":105,"loc":{"start":{"line":105,"column":42},"end":{"line":105,"column":66}},"locations":[{"start":{"line":105,"column":42},"end":{"line":105,"column":66}}]},"46":{"type":"branch","line":106,"loc":{"start":{"line":106,"column":11},"end":{"line":108,"column":3}},"locations":[{"start":{"line":106,"column":11},"end":{"line":108,"column":3}}]},"47":{"type":"branch","line":108,"loc":{"start":{"line":108,"column":2},"end":{"line":110,"column":1}},"locations":[{"start":{"line":108,"column":2},"end":{"line":110,"column":1}}]},"48":{"type":"branch","line":118,"loc":{"start":{"line":118,"column":7},"end":{"line":132,"column":1}},"locations":[{"start":{"line":118,"column":7},"end":{"line":132,"column":1}}]},"49":{"type":"branch","line":126,"loc":{"start":{"line":126,"column":13},"end":{"line":126,"column":30}},"locations":[{"start":{"line":126,"column":13},"end":{"line":126,"column":30}}]},"50":{"type":"branch","line":126,"loc":{"start":{"line":126,"column":26},"end":{"line":126,"column":32}},"locations":[{"start":{"line":126,"column":26},"end":{"line":126,"column":32}}]}},"b":{"0":[43],"1":[10],"2":[30],"3":[6],"4":[18],"5":[2],"6":[6],"7":[3],"8":[3],"9":[4],"10":[12],"11":[2],"12":[6],"13":[2],"14":[6],"15":[2],"16":[6],"17":[3],"18":[9],"19":[3],"20":[6],"21":[3],"22":[3],"23":[3],"24":[9],"25":[3],"26":[6],"27":[3],"28":[3],"29":[2],"30":[6],"31":[3],"32":[3],"33":[3],"34":[9],"35":[3],"36":[6],"37":[0],"38":[6],"39":[2],"40":[6],"41":[2],"42":[6],"43":[48],"44":[3],"45":[45],"46":[2],"47":[46],"48":[9],"49":[2],"50":[7]},"fnMap":{"0":{"name":"perChannel","decl":{"start":{"line":8,"column":0},"end":{"line":17,"column":1}},"loc":{"start":{"line":8,"column":0},"end":{"line":17,"column":1}},"line":8},"1":{"name":"multiply","decl":{"start":{"line":19,"column":0},"end":{"line":21,"column":1}},"loc":{"start":{"line":19,"column":0},"end":{"line":21,"column":1}},"line":19},"2":{"name":"screen","decl":{"start":{"line":23,"column":0},"end":{"line":25,"column":1}},"loc":{"start":{"line":23,"column":0},"end":{"line":25,"column":1}},"line":23},"3":{"name":"overlay","decl":{"start":{"line":27,"column":0},"end":{"line":31,"column":1}},"loc":{"start":{"line":27,"column":0},"end":{"line":31,"column":1}},"line":27},"4":{"name":"add","decl":{"start":{"line":33,"column":0},"end":{"line":35,"column":1}},"loc":{"start":{"line":33,"column":0},"end":{"line":35,"column":1}},"line":33},"5":{"name":"subtract","decl":{"start":{"line":37,"column":0},"end":{"line":39,"column":1}},"loc":{"start":{"line":37,"column":0},"end":{"line":39,"column":1}},"line":37},"6":{"name":"darken","decl":{"start":{"line":41,"column":0},"end":{"line":43,"column":1}},"loc":{"start":{"line":41,"column":0},"end":{"line":43,"column":1}},"line":41},"7":{"name":"lighten","decl":{"start":{"line":45,"column":0},"end":{"line":47,"column":1}},"loc":{"start":{"line":45,"column":0},"end":{"line":47,"column":1}},"line":45},"8":{"name":"colorDodge","decl":{"start":{"line":49,"column":0},"end":{"line":53,"column":1}},"loc":{"start":{"line":49,"column":0},"end":{"line":53,"column":1}},"line":49},"9":{"name":"colorBurn","decl":{"start":{"line":55,"column":0},"end":{"line":59,"column":1}},"loc":{"start":{"line":55,"column":0},"end":{"line":59,"column":1}},"line":55},"10":{"name":"hardLight","decl":{"start":{"line":61,"column":0},"end":{"line":65,"column":1}},"loc":{"start":{"line":61,"column":0},"end":{"line":65,"column":1}},"line":61},"11":{"name":"softLight","decl":{"start":{"line":67,"column":0},"end":{"line":73,"column":1}},"loc":{"start":{"line":67,"column":0},"end":{"line":73,"column":1}},"line":67},"12":{"name":"difference","decl":{"start":{"line":75,"column":0},"end":{"line":77,"column":1}},"loc":{"start":{"line":75,"column":0},"end":{"line":77,"column":1}},"line":75},"13":{"name":"exclusion","decl":{"start":{"line":79,"column":0},"end":{"line":81,"column":1}},"loc":{"start":{"line":79,"column":0},"end":{"line":81,"column":1}},"line":79},"14":{"name":"blend","decl":{"start":{"line":100,"column":7},"end":{"line":110,"column":1}},"loc":{"start":{"line":100,"column":7},"end":{"line":110,"column":1}},"line":100},"15":{"name":"mix","decl":{"start":{"line":118,"column":7},"end":{"line":132,"column":1}},"loc":{"start":{"line":118,"column":7},"end":{"line":132,"column":1}},"line":118}},"f":{"0":43,"1":10,"2":6,"3":2,"4":4,"5":2,"6":2,"7":2,"8":3,"9":3,"10":2,"11":3,"12":2,"13":2,"14":48,"15":9}}
,"/Users/driangle/workplace/gg/kleur/ts/src/color-spaces.ts": {"path":"/Users/driangle/workplace/gg/kleur/ts/src/color-spaces.ts","all":false,"statementMap":{"12":{"start":{"line":13,"column":0},"end":{"line":13,"column":52}},"13":{"start":{"line":14,"column":0},"end":{"line":14,"column":26}},"14":{"start":{"line":15,"column":0},"end":{"line":15,"column":65}},"15":{"start":{"line":16,"column":0},"end":{"line":16,"column":1}},"18":{"start":{"line":19,"column":0},"end":{"line":19,"column":22}},"19":{"start":{"line":20,"column":0},"end":{"line":20,"column":18}},"20":{"start":{"line":21,"column":0},"end":{"line":21,"column":22}},"22":{"start":{"line":23,"column":0},"end":{"line":23,"column":78}},"23":{"start":{"line":24,"column":0},"end":{"line":24,"column":26}},"24":{"start":{"line":25,"column":0},"end":{"line":25,"column":26}},"25":{"start":{"line":26,"column":0},"end":{"line":26,"column":26}},"28":{"start":{"line":29,"column":0},"end":{"line":29,"column":61}},"29":{"start":{"line":30,"column":0},"end":{"line":30,"column":60}},"30":{"start":{"line":31,"column":0},"end":{"line":31,"column":60}},"32":{"start":{"line":33,"column":0},"end":{"line":33,"column":19}},"33":{"start":{"line":34,"column":0},"end":{"line":34,"column":1}},"35":{"start":{"line":36,"column":0},"end":{"line":36,"column":34}},"36":{"start":{"line":37,"column":0},"end":{"line":37,"column":23}},"37":{"start":{"line":38,"column":0},"end":{"line":38,"column":74}},"38":{"start":{"line":39,"column":0},"end":{"line":39,"column":1}},"40":{"start":{"line":41,"column":0},"end":{"line":41,"column":25}},"41":{"start":{"line":42,"column":0},"end":{"line":42,"column":12}},"42":{"start":{"line":43,"column":0},"end":{"line":43,"column":12}},"43":{"start":{"line":44,"column":0},"end":{"line":44,"column":12}},"44":{"start":{"line":45,"column":0},"end":{"line":45,"column":40}},"45":{"start":{"line":46,"column":0},"end":{"line":46,"column":38}},"47":{"start":{"line":48,"column":0},"end":{"line":48,"column":29}},"48":{"start":{"line":49,"column":0},"end":{"line":49,"column":29}},"49":{"start":{"line":50,"column":0},"end":{"line":50,"column":29}},"51":{"start":{"line":52,"column":0},"end":{"line":52,"column":10}},"52":{"start":{"line":53,"column":0},"end":{"line":53,"column":21}},"53":{"start":{"line":54,"column":0},"end":{"line":54,"column":23}},"54":{"start":{"line":55,"column":0},"end":{"line":55,"column":23}},"55":{"start":{"line":56,"column":0},"end":{"line":56,"column":4}},"56":{"start":{"line":57,"column":0},"end":{"line":57,"column":1}},"58":{"start":{"line":59,"column":0},"end":{"line":59,"column":27}},"59":{"start":{"line":60,"column":0},"end":{"line":60,"column":12}},"60":{"start":{"line":61,"column":0},"end":{"line":61,"column":12}},"61":{"start":{"line":62,"column":0},"end":{"line":62,"column":12}},"62":{"start":{"line":63,"column":0},"end":{"line":63,"column":40}},"63":{"start":{"line":64,"column":0},"end":{"line":64,"column":26}},"64":{"start":{"line":65,"column":0},"end":{"line":65,"column":26}},"65":{"start":{"line":66,"column":0},"end":{"line":66,"column":26}},"68":{"start":{"line":69,"column":0},"end":{"line":69,"column":71}},"69":{"start":{"line":70,"column":0},"end":{"line":70,"column":71}},"70":{"start":{"line":71,"column":0},"end":{"line":71,"column":71}},"73":{"start":{"line":74,"column":0},"end":{"line":74,"column":27}},"74":{"start":{"line":75,"column":0},"end":{"line":75,"column":27}},"75":{"start":{"line":76,"column":0},"end":{"line":76,"column":27}},"78":{"start":{"line":79,"column":0},"end":{"line":79,"column":10}},"79":{"start":{"line":80,"column":0},"end":{"line":80,"column":64}},"80":{"start":{"line":81,"column":0},"end":{"line":81,"column":64}},"81":{"start":{"line":82,"column":0},"end":{"line":82,"column":64}},"82":{"start":{"line":83,"column":0},"end":{"line":83,"column":4}},"83":{"start":{"line":84,"column":0},"end":{"line":84,"column":1}},"85":{"start":{"line":86,"column":0},"end":{"line":86,"column":25}},"86":{"start":{"line":87,"column":0},"end":{"line":87,"column":12}},"87":{"start":{"line":88,"column":0},"end":{"line":88,"column":12}},"88":{"start":{"line":89,"column":0},"end":{"line":89,"column":12}},"89":{"start":{"line":90,"column":0},"end":{"line":90,"column":40}},"90":{"start":{"line":91,"column":0},"end":{"line":91,"column":37}},"91":{"start":{"line":92,"column":0},"end":{"line":92,"column":45}},"92":{"start":{"line":93,"column":0},"end":{"line":93,"column":22}},"93":{"start":{"line":94,"column":0},"end":{"line":94,"column":21}},"94":{"start":{"line":95,"column":0},"end":{"line":95,"column":1}},"96":{"start":{"line":97,"column":0},"end":{"line":97,"column":29}},"97":{"start":{"line":98,"column":0},"end":{"line":98,"column":12}},"98":{"start":{"line":99,"column":0},"end":{"line":99,"column":12}},"99":{"start":{"line":100,"column":0},"end":{"line":100,"column":12}},"100":{"start":{"line":101,"column":0},"end":{"line":101,"column":40}},"101":{"start":{"line":102,"column":0},"end":{"line":102,"column":27}},"102":{"start":{"line":103,"column":0},"end":{"line":103,"column":1}}},"s":{"12":1,"13":336,"14":336,"15":336,"18":1,"19":1,"20":1,"22":50,"23":50,"24":50,"25":50,"28":50,"29":50,"30":50,"32":50,"33":50,"35":150,"36":150,"37":150,"38":150,"40":1,"41":50,"42":50,"43":50,"44":50,"45":50,"47":50,"48":50,"49":50,"51":50,"52":50,"53":50,"54":50,"55":50,"56":50,"58":1,"59":26,"60":26,"61":26,"62":26,"63":26,"64":26,"65":26,"68":26,"69":26,"70":26,"73":26,"74":26,"75":26,"78":26,"79":26,"80":26,"81":26,"82":26,"83":26,"85":1,"86":8,"87":8,"88":8,"89":8,"90":8,"91":8,"92":8,"93":8,"94":8,"96":1,"97":4,"98":4,"99":4,"100":4,"101":4,"102":4},"branchMap":{"0":{"type":"branch","line":13,"loc":{"start":{"line":13,"column":7},"end":{"line":16,"column":1}},"locations":[{"start":{"line":13,"column":7},"end":{"line":16,"column":1}}]},"1":{"type":"branch","line":15,"loc":{"start":{"line":15,"column":14},"end":{"line":15,"column":38}},"locations":[{"start":{"line":15,"column":14},"end":{"line":15,"column":38}}]},"2":{"type":"branch","line":15,"loc":{"start":{"line":15,"column":28},"end":{"line":15,"column":65}},"locations":[{"start":{"line":15,"column":28},"end":{"line":15,"column":65}}]},"3":{"type":"branch","line":23,"loc":{"start":{"line":23,"column":0},"end":{"line":34,"column":1}},"locations":[{"start":{"line":23,"column":0},"end":{"line":34,"column":1}}]},"4":{"type":"branch","line":36,"loc":{"start":{"line":36,"column":0},"end":{"line":39,"column":1}},"locations":[{"start":{"line":36,"column":0},"end":{"line":39,"column":1}}]},"5":{"type":"branch","line":38,"loc":{"start":{"line":38,"column":37},"end":{"line":38,"column":74}},"locations":[{"start":{"line":38,"column":37},"end":{"line":38,"column":74}}]},"6":{"type":"branch","line":41,"loc":{"start":{"line":41,"column":7},"end":{"line":57,"column":1}},"locations":[{"start":{"line":41,"column":7},"end":{"line":57,"column":1}}]},"7":{"type":"branch","line":59,"loc":{"start":{"line":59,"column":7},"end":{"line":84,"column":1}},"locations":[{"start":{"line":59,"column":7},"end":{"line":84,"column":1}}]},"8":{"type":"branch","line":86,"loc":{"start":{"line":86,"column":7},"end":{"line":95,"column":1}},"locations":[{"start":{"line":86,"column":7},"end":{"line":95,"column":1}}]},"9":{"type":"branch","line":93,"loc":{"start":{"line":93,"column":13},"end":{"line":93,"column":22}},"locations":[{"start":{"line":93,"column":13},"end":{"line":93,"column":22}}]},"10":{"type":"branch","line":97,"loc":{"start":{"line":97,"column":7},"end":{"line":103,"column":1}},"locations":[{"start":{"line":97,"column":7},"end":{"line":103,"column":1}}]}},"b":{"0":[336],"1":[203],"2":[133],"3":[50],"4":[150],"5":[0],"6":[50],"7":[26],"8":[8],"9":[4],"10":[4]},"fnMap":{"0":{"name":"linearize","decl":{"start":{"line":13,"column":7},"end":{"line":16,"column":1}},"loc":{"start":{"line":13,"column":7},"end":{"line":16,"column":1}},"line":13},"1":{"name":"rgbToXyz","decl":{"start":{"line":23,"column":0},"end":{"line":34,"column":1}},"loc":{"start":{"line":23,"column":0},"end":{"line":34,"column":1}},"line":23},"2":{"name":"labF","decl":{"start":{"line":36,"column":0},"end":{"line":39,"column":1}},"loc":{"start":{"line":36,"column":0},"end":{"line":39,"column":1}},"line":36},"3":{"name":"rgbToLab","decl":{"start":{"line":41,"column":7},"end":{"line":57,"column":1}},"loc":{"start":{"line":41,"column":7},"end":{"line":57,"column":1}},"line":41},"4":{"name":"rgbToOklab","decl":{"start":{"line":59,"column":7},"end":{"line":84,"column":1}},"loc":{"start":{"line":59,"column":7},"end":{"line":84,"column":1}},"line":59},"5":{"name":"labToLch","decl":{"start":{"line":86,"column":7},"end":{"line":95,"column":1}},"loc":{"start":{"line":86,"column":7},"end":{"line":95,"column":1}},"line":86},"6":{"name":"oklabToOklch","decl":{"start":{"line":97,"column":7},"end":{"line":103,"column":1}},"loc":{"start":{"line":97,"column":7},"end":{"line":103,"column":1}},"line":97}},"f":{"0":336,"1":50,"2":150,"3":50,"4":26,"5":8,"6":4}}
,"/Users/driangle/workplace/gg/kleur/ts/src/color.ts": {"path":"/Users/driangle/workplace/gg/kleur/ts/src/color.ts","all":false,"statementMap":{"0":{"start":{"line":1,"column":0},"end":{"line":1,"column":46}},"1":{"start":{"line":2,"column":0},"end":{"line":2,"column":46}},"12":{"start":{"line":13,"column":0},"end":{"line":13,"column":8}},"17":{"start":{"line":18,"column":0},"end":{"line":18,"column":45}},"18":{"start":{"line":19,"column":0},"end":{"line":19,"column":46}},"19":{"start":{"line":20,"column":0},"end":{"line":20,"column":39}},"20":{"start":{"line":21,"column":0},"end":{"line":21,"column":3}},"21":{"start":{"line":22,"column":0},"end":{"line":22,"column":1}},"23":{"start":{"line":24,"column":0},"end":{"line":24,"column":40}},"24":{"start":{"line":25,"column":0},"end":{"line":25,"column":44}},"25":{"start":{"line":26,"column":0},"end":{"line":26,"column":70}},"26":{"start":{"line":27,"column":0},"end":{"line":27,"column":64}},"27":{"start":{"line":28,"column":0},"end":{"line":28,"column":74}},"39":{"start":{"line":40,"column":0},"end":{"line":40,"column":11}},"43":{"start":{"line":44,"column":0},"end":{"line":44,"column":30}},"44":{"start":{"line":45,"column":0},"end":{"line":45,"column":72}},"45":{"start":{"line":46,"column":0},"end":{"line":46,"column":9}},"46":{"start":{"line":47,"column":0},"end":{"line":47,"column":14}},"47":{"start":{"line":48,"column":0},"end":{"line":48,"column":1}},"49":{"start":{"line":50,"column":0},"end":{"line":50,"column":57}},"51":{"start":{"line":52,"column":0},"end":{"line":52,"column":74}},"52":{"start":{"line":53,"column":0},"end":{"line":53,"column":16}},"53":{"start":{"line":54,"column":0},"end":{"line":54,"column":1}},"55":{"start":{"line":56,"column":0},"end":{"line":56,"column":49}},"56":{"start":{"line":57,"column":0},"end":{"line":57,"column":43}},"57":{"start":{"line":58,"column":0},"end":{"line":58,"column":70}},"58":{"start":{"line":59,"column":0},"end":{"line":59,"column":25}},"59":{"start":{"line":60,"column":0},"end":{"line":60,"column":1}},"62":{"start":{"line":63,"column":0},"end":{"line":63,"column":20}},"63":{"start":{"line":64,"column":0},"end":{"line":64,"column":22}},"64":{"start":{"line":65,"column":0},"end":{"line":65,"column":22}},"65":{"start":{"line":66,"column":0},"end":{"line":66,"column":22}},"66":{"start":{"line":67,"column":0},"end":{"line":67,"column":22}},"68":{"start":{"line":69,"column":0},"end":{"line":69,"column":55}},"69":{"start":{"line":70,"column":0},"end":{"line":70,"column":27}},"70":{"start":{"line":71,"column":0},"end":{"line":71,"column":27}},"71":{"start":{"line":72,"column":0},"end":{"line":72,"column":27}},"72":{"start":{"line":73,"column":0},"end":{"line":73,"column":28}},"73":{"start":{"line":74,"column":0},"end":{"line":74,"column":3}},"75":{"start":{"line":76,"column":0},"end":{"line":76,"column":55}},"76":{"start":{"line":77,"column":0},"end":{"line":77,"column":47}},"77":{"start":{"line":78,"column":0},"end":{"line":78,"column":3}},"78":{"start":{"line":79,"column":0},"end":{"line":79,"column":23}},"79":{"start":{"line":80,"column":0},"end":{"line":80,"column":47}},"80":{"start":{"line":81,"column":0},"end":{"line":81,"column":3}},"81":{"start":{"line":82,"column":0},"end":{"line":82,"column":59}},"82":{"start":{"line":83,"column":0},"end":{"line":83,"column":62}},"83":{"start":{"line":84,"column":0},"end":{"line":84,"column":51}},"84":{"start":{"line":85,"column":0},"end":{"line":85,"column":3}},"85":{"start":{"line":86,"column":0},"end":{"line":86,"column":59}},"86":{"start":{"line":87,"column":0},"end":{"line":87,"column":62}},"87":{"start":{"line":88,"column":0},"end":{"line":88,"column":51}},"88":{"start":{"line":89,"column":0},"end":{"line":89,"column":3}},"89":{"start":{"line":90,"column":0},"end":{"line":90,"column":52}},"90":{"start":{"line":91,"column":0},"end":{"line":91,"column":44}},"91":{"start":{"line":92,"column":0},"end":{"line":92,"column":43}},"92":{"start":{"line":93,"column":0},"end":{"line":93,"column":3}},"93":{"start":{"line":94,"column":0},"end":{"line":94,"column":52}},"94":{"start":{"line":95,"column":0},"end":{"line":95,"column":44}},"95":{"start":{"line":96,"column":0},"end":{"line":96,"column":43}},"96":{"start":{"line":97,"column":0},"end":{"line":97,"column":3}},"99":{"start":{"line":100,"column":0},"end":{"line":100,"column":21}},"100":{"start":{"line":101,"column":0},"end":{"line":101,"column":19}},"101":{"start":{"line":102,"column":0},"end":{"line":102,"column":3}},"102":{"start":{"line":103,"column":0},"end":{"line":103,"column":23}},"103":{"start":{"line":104,"column":0},"end":{"line":104,"column":19}},"104":{"start":{"line":105,"column":0},"end":{"line":105,"column":3}},"105":{"start":{"line":106,"column":0},"end":{"line":106,"column":22}},"106":{"start":{"line":107,"column":0},"end":{"line":107,"column":19}},"107":{"start":{"line":108,"column":0},"end":{"line":108,"column":3}},"108":{"start":{"line":109,"column":0},"end":{"line":109,"column":21}},"109":{"start":{"line":110,"column":0},"end":{"line":110,"column":25}},"110":{"start":{"line":111,"column":0},"end":{"line":111,"column":3}},"111":{"start":{"line":112,"column":0},"end":{"line":112,"column":31}},"112":{"start":{"line":113,"column":0},"end":{"line":113,"column":25}},"113":{"start":{"line":114,"column":0},"end":{"line":114,"column":3}},"114":{"start":{"line":115,"column":0},"end":{"line":115,"column":27}},"115":{"start":{"line":116,"column":0},"end":{"line":116,"column":25}},"116":{"start":{"line":117,"column":0},"end":{"line":117,"column":3}},"117":{"start":{"line":118,"column":0},"end":{"line":118,"column":23}},"118":{"start":{"line":119,"column":0},"end":{"line":119,"column":19}},"119":{"start":{"line":120,"column":0},"end":{"line":120,"column":3}},"120":{"start":{"line":121,"column":0},"end":{"line":121,"column":31}},"121":{"start":{"line":122,"column":0},"end":{"line":122,"column":25}},"122":{"start":{"line":123,"column":0},"end":{"line":123,"column":3}},"123":{"start":{"line":124,"column":0},"end":{"line":124,"column":28}},"124":{"start":{"line":125,"column":0},"end":{"line":125,"column":25}},"125":{"start":{"line":126,"column":0},"end":{"line":126,"column":3}},"126":{"start":{"line":127,"column":0},"end":{"line":127,"column":18}},"127":{"start":{"line":128,"column":0},"end":{"line":128,"column":23}},"128":{"start":{"line":129,"column":0},"end":{"line":129,"column":3}},"129":{"start":{"line":130,"column":0},"end":{"line":130,"column":18}},"130":{"start":{"line":131,"column":0},"end":{"line":131,"column":23}},"131":{"start":{"line":132,"column":0},"end":{"line":132,"column":3}},"134":{"start":{"line":135,"column":0},"end":{"line":135,"column":29}},"135":{"start":{"line":136,"column":0},"end":{"line":136,"column":51}},"136":{"start":{"line":137,"column":0},"end":{"line":137,"column":3}},"137":{"start":{"line":138,"column":0},"end":{"line":138,"column":31}},"138":{"start":{"line":139,"column":0},"end":{"line":139,"column":51}},"139":{"start":{"line":140,"column":0},"end":{"line":140,"column":3}},"140":{"start":{"line":141,"column":0},"end":{"line":141,"column":30}},"141":{"start":{"line":142,"column":0},"end":{"line":142,"column":51}},"142":{"start":{"line":143,"column":0},"end":{"line":143,"column":3}},"143":{"start":{"line":144,"column":0},"end":{"line":144,"column":31}},"144":{"start":{"line":145,"column":0},"end":{"line":145,"column":51}},"145":{"start":{"line":146,"column":0},"end":{"line":146,"column":3}},"146":{"start":{"line":147,"column":0},"end":{"line":147,"column":29}},"147":{"start":{"line":148,"column":0},"end":{"line":148,"column":55}},"148":{"start":{"line":149,"column":0},"end":{"line":149,"column":3}},"149":{"start":{"line":150,"column":0},"end":{"line":150,"column":39}},"150":{"start":{"line":151,"column":0},"end":{"line":151,"column":55}},"151":{"start":{"line":152,"column":0},"end":{"line":152,"column":3}},"152":{"start":{"line":153,"column":0},"end":{"line":153,"column":39}},"153":{"start":{"line":154,"column":0},"end":{"line":154,"column":55}},"154":{"start":{"line":155,"column":0},"end":{"line":155,"column":3}},"155":{"start":{"line":156,"column":0},"end":{"line":156,"column":36}},"156":{"start":{"line":157,"column":0},"end":{"line":157,"column":55}},"157":{"start":{"line":158,"column":0},"end":{"line":158,"column":3}},"158":{"start":{"line":159,"column":0},"end":{"line":159,"column":35}},"159":{"start":{"line":160,"column":0},"end":{"line":160,"column":55}},"160":{"start":{"line":161,"column":0},"end":{"line":161,"column":3}},"161":{"start":{"line":162,"column":0},"end":{"line":162,"column":37}},"162":{"start":{"line":163,"column":0},"end":{"line":163,"column":43}},"163":{"start":{"line":164,"column":0},"end":{"line":164,"column":3}},"164":{"start":{"line":165,"column":0},"end":{"line":165,"column":35}},"165":{"start":{"line":166,"column":0},"end":{"line":166,"column":66}},"166":{"start":{"line":167,"column":0},"end":{"line":167,"column":3}},"167":{"start":{"line":168,"column":0},"end":{"line":168,"column":45}},"168":{"start":{"line":169,"column":0},"end":{"line":169,"column":66}},"169":{"start":{"line":170,"column":0},"end":{"line":170,"column":3}},"170":{"start":{"line":171,"column":0},"end":{"line":171,"column":45}},"171":{"start":{"line":172,"column":0},"end":{"line":172,"column":66}},"172":{"start":{"line":173,"column":0},"end":{"line":173,"column":3}},"173":{"start":{"line":174,"column":0},"end":{"line":174,"column":42}},"174":{"start":{"line":175,"column":0},"end":{"line":175,"column":66}},"175":{"start":{"line":176,"column":0},"end":{"line":176,"column":3}},"176":{"start":{"line":177,"column":0},"end":{"line":177,"column":41}},"177":{"start":{"line":178,"column":0},"end":{"line":178,"column":66}},"178":{"start":{"line":179,"column":0},"end":{"line":179,"column":3}},"179":{"start":{"line":180,"column":0},"end":{"line":180,"column":37}},"180":{"start":{"line":181,"column":0},"end":{"line":181,"column":44}},"181":{"start":{"line":182,"column":0},"end":{"line":182,"column":3}},"182":{"start":{"line":183,"column":0},"end":{"line":183,"column":45}},"183":{"start":{"line":184,"column":0},"end":{"line":184,"column":67}},"184":{"start":{"line":185,"column":0},"end":{"line":185,"column":3}},"185":{"start":{"line":186,"column":0},"end":{"line":186,"column":45}},"186":{"start":{"line":187,"column":0},"end":{"line":187,"column":67}},"187":{"start":{"line":188,"column":0},"end":{"line":188,"column":3}},"188":{"start":{"line":189,"column":0},"end":{"line":189,"column":42}},"189":{"start":{"line":190,"column":0},"end":{"line":190,"column":67}},"190":{"start":{"line":191,"column":0},"end":{"line":191,"column":3}},"191":{"start":{"line":192,"column":0},"end":{"line":192,"column":41}},"192":{"start":{"line":193,"column":0},"end":{"line":193,"column":67}},"193":{"start":{"line":194,"column":0},"end":{"line":194,"column":3}},"196":{"start":{"line":197,"column":0},"end":{"line":197,"column":19}},"197":{"start":{"line":198,"column":0},"end":{"line":198,"column":71}},"198":{"start":{"line":199,"column":0},"end":{"line":199,"column":60}},"199":{"start":{"line":200,"column":0},"end":{"line":200,"column":3}},"201":{"start":{"line":202,"column":0},"end":{"line":202,"column":20}},"202":{"start":{"line":203,"column":0},"end":{"line":203,"column":71}},"203":{"start":{"line":204,"column":0},"end":{"line":204,"column":48}},"204":{"start":{"line":205,"column":0},"end":{"line":205,"column":77}},"205":{"start":{"line":206,"column":0},"end":{"line":206,"column":3}},"207":{"start":{"line":208,"column":0},"end":{"line":208,"column":19}},"208":{"start":{"line":209,"column":0},"end":{"line":209,"column":63}},"209":{"start":{"line":210,"column":0},"end":{"line":210,"column":3}},"210":{"start":{"line":211,"column":0},"end":{"line":211,"column":16}},"211":{"start":{"line":212,"column":0},"end":{"line":212,"column":50}},"212":{"start":{"line":213,"column":0},"end":{"line":213,"column":3}},"213":{"start":{"line":214,"column":0},"end":{"line":214,"column":18}},"214":{"start":{"line":215,"column":0},"end":{"line":215,"column":62}},"215":{"start":{"line":216,"column":0},"end":{"line":216,"column":3}},"216":{"start":{"line":217,"column":0},"end":{"line":217,"column":16}},"217":{"start":{"line":218,"column":0},"end":{"line":218,"column":20}},"218":{"start":{"line":219,"column":0},"end":{"line":219,"column":3}},"219":{"start":{"line":220,"column":0},"end":{"line":220,"column":18}},"220":{"start":{"line":221,"column":0},"end":{"line":221,"column":39}},"221":{"start":{"line":222,"column":0},"end":{"line":222,"column":3}},"222":{"start":{"line":223,"column":0},"end":{"line":223,"column":16}},"223":{"start":{"line":224,"column":0},"end":{"line":224,"column":20}},"224":{"start":{"line":225,"column":0},"end":{"line":225,"column":3}},"225":{"start":{"line":226,"column":0},"end":{"line":226,"column":18}},"226":{"start":{"line":227,"column":0},"end":{"line":227,"column":39}},"227":{"start":{"line":228,"column":0},"end":{"line":228,"column":3}},"228":{"start":{"line":229,"column":0},"end":{"line":229,"column":47}},"229":{"start":{"line":230,"column":0},"end":{"line":230,"column":48}},"230":{"start":{"line":231,"column":0},"end":{"line":231,"column":3}},"231":{"start":{"line":232,"column":0},"end":{"line":232,"column":52}},"232":{"start":{"line":233,"column":0},"end":{"line":233,"column":66}},"233":{"start":{"line":234,"column":0},"end":{"line":234,"column":3}},"234":{"start":{"line":235,"column":0},"end":{"line":235,"column":22}},"235":{"start":{"line":236,"column":0},"end":{"line":236,"column":24}},"236":{"start":{"line":237,"column":0},"end":{"line":237,"column":3}},"239":{"start":{"line":240,"column":0},"end":{"line":240,"column":34}},"240":{"start":{"line":241,"column":0},"end":{"line":241,"column":36}},"241":{"start":{"line":242,"column":0},"end":{"line":242,"column":54}},"242":{"start":{"line":243,"column":0},"end":{"line":243,"column":3}},"243":{"start":{"line":244,"column":0},"end":{"line":244,"column":33}},"244":{"start":{"line":245,"column":0},"end":{"line":245,"column":71}},"245":{"start":{"line":246,"column":0},"end":{"line":246,"column":3}},"246":{"start":{"line":247,"column":0},"end":{"line":247,"column":35}},"247":{"start":{"line":248,"column":0},"end":{"line":248,"column":79}},"248":{"start":{"line":249,"column":0},"end":{"line":249,"column":3}},"249":{"start":{"line":250,"column":0},"end":{"line":250,"column":38}},"250":{"start":{"line":251,"column":0},"end":{"line":251,"column":33}},"251":{"start":{"line":252,"column":0},"end":{"line":252,"column":3}},"252":{"start":{"line":253,"column":0},"end":{"line":253,"column":37}},"253":{"start":{"line":254,"column":0},"end":{"line":254,"column":71}},"254":{"start":{"line":255,"column":0},"end":{"line":255,"column":3}},"255":{"start":{"line":256,"column":0},"end":{"line":256,"column":40}},"256":{"start":{"line":257,"column":0},"end":{"line":257,"column":35}},"257":{"start":{"line":258,"column":0},"end":{"line":258,"column":3}},"258":{"start":{"line":259,"column":0},"end":{"line":259,"column":22}},"259":{"start":{"line":260,"column":0},"end":{"line":260,"column":37}},"260":{"start":{"line":261,"column":0},"end":{"line":261,"column":3}},"261":{"start":{"line":262,"column":0},"end":{"line":262,"column":34}},"262":{"start":{"line":263,"column":0},"end":{"line":263,"column":35}},"263":{"start":{"line":264,"column":0},"end":{"line":264,"column":3}},"264":{"start":{"line":265,"column":0},"end":{"line":265,"column":23}},"265":{"start":{"line":266,"column":0},"end":{"line":266,"column":28}},"266":{"start":{"line":267,"column":0},"end":{"line":267,"column":3}},"267":{"start":{"line":268,"column":0},"end":{"line":268,"column":29}},"268":{"start":{"line":269,"column":0},"end":{"line":269,"column":74}},"269":{"start":{"line":270,"column":0},"end":{"line":270,"column":3}},"270":{"start":{"line":271,"column":0},"end":{"line":271,"column":29}},"271":{"start":{"line":272,"column":0},"end":{"line":272,"column":75}},"272":{"start":{"line":273,"column":0},"end":{"line":273,"column":3}},"273":{"start":{"line":274,"column":0},"end":{"line":274,"column":19}},"274":{"start":{"line":275,"column":0},"end":{"line":275,"column":75}},"275":{"start":{"line":276,"column":0},"end":{"line":276,"column":3}},"276":{"start":{"line":277,"column":0},"end":{"line":277,"column":19}},"277":{"start":{"line":278,"column":0},"end":{"line":278,"column":29}},"278":{"start":{"line":279,"column":0},"end":{"line":279,"column":3}},"281":{"start":{"line":282,"column":0},"end":{"line":282,"column":73}},"282":{"start":{"line":283,"column":0},"end":{"line":283,"column":35}},"283":{"start":{"line":284,"column":0},"end":{"line":284,"column":34}},"284":{"start":{"line":285,"column":0},"end":{"line":285,"column":21}},"285":{"start":{"line":286,"column":0},"end":{"line":286,"column":38}},"286":{"start":{"line":287,"column":0},"end":{"line":287,"column":38}},"287":{"start":{"line":288,"column":0},"end":{"line":288,"column":38}},"288":{"start":{"line":289,"column":0},"end":{"line":289,"column":38}},"289":{"start":{"line":290,"column":0},"end":{"line":290,"column":6}},"290":{"start":{"line":291,"column":0},"end":{"line":291,"column":3}},"292":{"start":{"line":293,"column":0},"end":{"line":293,"column":54}},"293":{"start":{"line":294,"column":0},"end":{"line":294,"column":61}},"294":{"start":{"line":295,"column":0},"end":{"line":295,"column":39}},"295":{"start":{"line":296,"column":0},"end":{"line":296,"column":3}},"298":{"start":{"line":299,"column":0},"end":{"line":299,"column":36}},"299":{"start":{"line":300,"column":0},"end":{"line":300,"column":54}},"300":{"start":{"line":301,"column":0},"end":{"line":301,"column":3}},"302":{"start":{"line":303,"column":0},"end":{"line":303,"column":44}},"303":{"start":{"line":304,"column":0},"end":{"line":304,"column":71}},"304":{"start":{"line":305,"column":0},"end":{"line":305,"column":3}},"306":{"start":{"line":307,"column":0},"end":{"line":307,"column":48}},"307":{"start":{"line":308,"column":0},"end":{"line":308,"column":59}},"308":{"start":{"line":309,"column":0},"end":{"line":309,"column":3}},"310":{"start":{"line":311,"column":0},"end":{"line":311,"column":54}},"311":{"start":{"line":312,"column":0},"end":{"line":312,"column":70}},"312":{"start":{"line":313,"column":0},"end":{"line":313,"column":3}},"314":{"start":{"line":315,"column":0},"end":{"line":315,"column":33}},"315":{"start":{"line":316,"column":0},"end":{"line":316,"column":25}},"316":{"start":{"line":317,"column":0},"end":{"line":317,"column":31}},"317":{"start":{"line":318,"column":0},"end":{"line":318,"column":80}},"318":{"start":{"line":319,"column":0},"end":{"line":319,"column":18}},"319":{"start":{"line":320,"column":0},"end":{"line":320,"column":3}},"321":{"start":{"line":322,"column":0},"end":{"line":322,"column":34}},"322":{"start":{"line":323,"column":0},"end":{"line":323,"column":25}},"323":{"start":{"line":324,"column":0},"end":{"line":324,"column":31}},"324":{"start":{"line":325,"column":0},"end":{"line":325,"column":79}},"325":{"start":{"line":326,"column":0},"end":{"line":326,"column":18}},"326":{"start":{"line":327,"column":0},"end":{"line":327,"column":3}},"328":{"start":{"line":329,"column":0},"end":{"line":329,"column":33}},"329":{"start":{"line":330,"column":0},"end":{"line":330,"column":25}},"330":{"start":{"line":331,"column":0},"end":{"line":331,"column":31}},"331":{"start":{"line":332,"column":0},"end":{"line":332,"column":36}},"332":{"start":{"line":333,"column":0},"end":{"line":333,"column":52}},"333":{"start":{"line":334,"column":0},"end":{"line":334,"column":18}},"334":{"start":{"line":335,"column":0},"end":{"line":335,"column":3}},"335":{"start":{"line":336,"column":0},"end":{"line":336,"column":1}}},"s":{"0":1,"1":1,"12":1,"17":33,"18":33,"19":15,"20":15,"21":33,"23":1,"24":3810,"25":1,"26":1,"27":1,"39":1,"43":1,"44":6,"45":6,"46":6,"47":6,"49":1,"51":1,"52":16,"53":16,"55":6,"56":6,"57":6,"58":2,"59":2,"62":1,"63":1,"64":1270,"65":1270,"66":1270,"68":1,"69":1270,"70":1270,"71":1270,"72":1270,"73":1270,"75":1,"76":1062,"77":1062,"78":1,"79":34,"80":34,"81":1,"82":207,"83":207,"84":207,"85":1,"86":12,"87":12,"88":12,"89":1,"90":175,"91":175,"92":175,"93":1,"94":12,"95":12,"96":12,"99":1,"100":581,"101":581,"102":1,"103":526,"104":526,"105":1,"106":525,"107":525,"108":1,"109":322,"110":322,"111":1,"112":17,"113":17,"114":1,"115":308,"116":308,"117":1,"118":275,"119":275,"120":1,"121":8,"122":8,"123":1,"124":6,"125":6,"126":1,"127":208,"128":208,"129":1,"130":8,"131":8,"134":1,"135":3,"136":3,"137":1,"138":1,"139":1,"140":1,"141":1,"142":1,"143":1,"144":19,"145":19,"146":1,"147":4,"148":4,"149":1,"150":11,"151":11,"152":1,"153":0,"154":0,"155":1,"156":0,"157":0,"158":1,"159":3,"160":3,"161":1,"162":4,"163":4,"164":1,"165":73,"166":73,"167":1,"168":4,"169":4,"170":1,"171":4,"172":4,"173":1,"174":4,"175":4,"176":1,"177":4,"178":4,"179":1,"180":4,"181":4,"182":1,"183":2,"184":2,"185":1,"186":2,"187":2,"188":1,"189":2,"190":2,"191":1,"192":3,"193":3,"196":1,"197":29,"198":29,"199":29,"201":1,"202":4,"203":4,"204":4,"205":4,"207":1,"208":10,"209":10,"210":1,"211":3,"212":3,"213":1,"214":2,"215":2,"216":1,"217":5,"218":5,"219":1,"220":2,"221":2,"222":1,"223":3,"224":3,"225":1,"226":2,"227":2,"228":1,"229":4,"230":4,"231":1,"232":6,"233":6,"234":1,"235":3,"236":3,"239":1,"240":32,"241":32,"242":32,"243":1,"244":31,"245":31,"246":1,"247":10,"248":10,"249":1,"250":7,"251":7,"252":1,"253":30,"254":30,"255":1,"256":6,"257":6,"258":1,"259":8,"260":8,"261":1,"262":64,"263":64,"264":1,"265":7,"266":7,"267":1,"268":3,"269":3,"270":1,"271":3,"272":3,"273":1,"274":11,"275":11,"276":1,"277":6,"278":6,"281":1,"282":6,"283":6,"284":6,"285":6,"286":6,"287":6,"288":6,"289":6,"290":6,"292":1,"293":5,"294":5,"295":5,"298":1,"299":6,"300":6,"302":1,"303":5,"304":5,"306":1,"307":6,"308":6,"310":1,"311":4,"312":4,"314":1,"315":11,"316":11,"317":11,"318":6,"319":11,"321":1,"322":11,"323":11,"324":11,"325":6,"326":11,"328":1,"329":11,"330":11,"331":11,"332":11,"333":6,"334":11,"335":1},"branchMap":{"0":{"type":"branch","line":18,"loc":{"start":{"line":18,"column":0},"end":{"line":22,"column":1}},"locations":[{"start":{"line":18,"column":0},"end":{"line":22,"column":1}}]},"1":{"type":"branch","line":19,"loc":{"start":{"line":19,"column":29},"end":{"line":19,"column":45}},"locations":[{"start":{"line":19,"column":29},"end":{"line":19,"column":45}}]},"2":{"type":"branch","line":19,"loc":{"start":{"line":19,"column":45},"end":{"line":21,"column":3}},"locations":[{"start":{"line":19,"column":45},"end":{"line":21,"column":3}}]},"3":{"type":"branch","line":24,"loc":{"start":{"line":24,"column":18},"end":{"line":25,"column":44}},"locations":[{"start":{"line":24,"column":18},"end":{"line":25,"column":44}}]},"4":{"type":"branch","line":26,"loc":{"start":{"line":26,"column":19},"end":{"line":26,"column":70}},"locations":[{"start":{"line":26,"column":19},"end":{"line":26,"column":70}}]},"5":{"type":"branch","line":27,"loc":{"start":{"line":27,"column":17},"end":{"line":27,"column":64}},"locations":[{"start":{"line":27,"column":17},"end":{"line":27,"column":64}}]},"6":{"type":"branch","line":28,"loc":{"start":{"line":28,"column":21},"end":{"line":28,"column":74}},"locations":[{"start":{"line":28,"column":21},"end":{"line":28,"column":74}}]},"7":{"type":"branch","line":44,"loc":{"start":{"line":44,"column":7},"end":{"line":48,"column":1}},"locations":[{"start":{"line":44,"column":7},"end":{"line":48,"column":1}}]},"8":{"type":"branch","line":52,"loc":{"start":{"line":52,"column":7},"end":{"line":54,"column":1}},"locations":[{"start":{"line":52,"column":7},"end":{"line":54,"column":1}}]},"9":{"type":"branch","line":56,"loc":{"start":{"line":56,"column":0},"end":{"line":60,"column":1}},"locations":[{"start":{"line":56,"column":0},"end":{"line":60,"column":1}}]},"10":{"type":"branch","line":57,"loc":{"start":{"line":57,"column":30},"end":{"line":57,"column":43}},"locations":[{"start":{"line":57,"column":30},"end":{"line":57,"column":43}}]},"11":{"type":"branch","line":57,"loc":{"start":{"line":57,"column":37},"end":{"line":58,"column":23}},"locations":[{"start":{"line":57,"column":37},"end":{"line":58,"column":23}}]},"12":{"type":"branch","line":58,"loc":{"start":{"line":58,"column":17},"end":{"line":58,"column":70}},"locations":[{"start":{"line":58,"column":17},"end":{"line":58,"column":70}}]},"13":{"type":"branch","line":58,"loc":{"start":{"line":58,"column":68},"end":{"line":60,"column":1}},"locations":[{"start":{"line":58,"column":68},"end":{"line":60,"column":1}}]},"14":{"type":"branch","line":64,"loc":{"start":{"line":64,"column":11},"end":{"line":67,"column":22}},"locations":[{"start":{"line":64,"column":11},"end":{"line":67,"column":22}}]},"15":{"type":"branch","line":69,"loc":{"start":{"line":69,"column":2},"end":{"line":74,"column":3}},"locations":[{"start":{"line":69,"column":2},"end":{"line":74,"column":3}}]},"16":{"type":"branch","line":76,"loc":{"start":{"line":76,"column":10},"end":{"line":78,"column":3}},"locations":[{"start":{"line":76,"column":10},"end":{"line":78,"column":3}}]},"17":{"type":"branch","line":79,"loc":{"start":{"line":79,"column":10},"end":{"line":81,"column":3}},"locations":[{"start":{"line":79,"column":10},"end":{"line":81,"column":3}}]},"18":{"type":"branch","line":82,"loc":{"start":{"line":82,"column":10},"end":{"line":85,"column":3}},"locations":[{"start":{"line":82,"column":10},"end":{"line":85,"column":3}}]},"19":{"type":"branch","line":86,"loc":{"start":{"line":86,"column":10},"end":{"line":89,"column":3}},"locations":[{"start":{"line":86,"column":10},"end":{"line":89,"column":3}}]},"20":{"type":"branch","line":90,"loc":{"start":{"line":90,"column":10},"end":{"line":93,"column":3}},"locations":[{"start":{"line":90,"column":10},"end":{"line":93,"column":3}}]},"21":{"type":"branch","line":94,"loc":{"start":{"line":94,"column":10},"end":{"line":97,"column":3}},"locations":[{"start":{"line":94,"column":10},"end":{"line":97,"column":3}}]},"22":{"type":"branch","line":100,"loc":{"start":{"line":100,"column":2},"end":{"line":102,"column":3}},"locations":[{"start":{"line":100,"column":2},"end":{"line":102,"column":3}}]},"23":{"type":"branch","line":103,"loc":{"start":{"line":103,"column":2},"end":{"line":105,"column":3}},"locations":[{"start":{"line":103,"column":2},"end":{"line":105,"column":3}}]},"24":{"type":"branch","line":106,"loc":{"start":{"line":106,"column":2},"end":{"line":108,"column":3}},"locations":[{"start":{"line":106,"column":2},"end":{"line":108,"column":3}}]},"25":{"type":"branch","line":109,"loc":{"start":{"line":109,"column":2},"end":{"line":111,"column":3}},"locations":[{"start":{"line":109,"column":2},"end":{"line":111,"column":3}}]},"26":{"type":"branch","line":112,"loc":{"start":{"line":112,"column":2},"end":{"line":114,"column":3}},"locations":[{"start":{"line":112,"column":2},"end":{"line":114,"column":3}}]},"27":{"type":"branch","line":115,"loc":{"start":{"line":115,"column":2},"end":{"line":117,"column":3}},"locations":[{"start":{"line":115,"column":2},"end":{"line":117,"column":3}}]},"28":{"type":"branch","line":118,"loc":{"start":{"line":118,"column":2},"end":{"line":120,"column":3}},"locations":[{"start":{"line":118,"column":2},"end":{"line":120,"column":3}}]},"29":{"type":"branch","line":121,"loc":{"start":{"line":121,"column":2},"end":{"line":123,"column":3}},"locations":[{"start":{"line":121,"column":2},"end":{"line":123,"column":3}}]},"30":{"type":"branch","line":124,"loc":{"start":{"line":124,"column":2},"end":{"line":126,"column":3}},"locations":[{"start":{"line":124,"column":2},"end":{"line":126,"column":3}}]},"31":{"type":"branch","line":127,"loc":{"start":{"line":127,"column":2},"end":{"line":129,"column":3}},"locations":[{"start":{"line":127,"column":2},"end":{"line":129,"column":3}}]},"32":{"type":"branch","line":130,"loc":{"start":{"line":130,"column":2},"end":{"line":132,"column":3}},"locations":[{"start":{"line":130,"column":2},"end":{"line":132,"column":3}}]},"33":{"type":"branch","line":135,"loc":{"start":{"line":135,"column":2},"end":{"line":137,"column":3}},"locations":[{"start":{"line":135,"column":2},"end":{"line":137,"column":3}}]},"34":{"type":"branch","line":138,"loc":{"start":{"line":138,"column":2},"end":{"line":140,"column":3}},"locations":[{"start":{"line":138,"column":2},"end":{"line":140,"column":3}}]},"35":{"type":"branch","line":141,"loc":{"start":{"line":141,"column":2},"end":{"line":143,"column":3}},"locations":[{"start":{"line":141,"column":2},"end":{"line":143,"column":3}}]},"36":{"type":"branch","line":144,"loc":{"start":{"line":144,"column":2},"end":{"line":146,"column":3}},"locations":[{"start":{"line":144,"column":2},"end":{"line":146,"column":3}}]},"37":{"type":"branch","line":147,"loc":{"start":{"line":147,"column":2},"end":{"line":149,"column":3}},"locations":[{"start":{"line":147,"column":2},"end":{"line":149,"column":3}}]},"38":{"type":"branch","line":148,"loc":{"start":{"line":148,"column":23},"end":{"line":148,"column":53}},"locations":[{"start":{"line":148,"column":23},"end":{"line":148,"column":53}}]},"39":{"type":"branch","line":150,"loc":{"start":{"line":150,"column":2},"end":{"line":152,"column":3}},"locations":[{"start":{"line":150,"column":2},"end":{"line":152,"column":3}}]},"40":{"type":"branch","line":151,"loc":{"start":{"line":151,"column":23},"end":{"line":151,"column":53}},"locations":[{"start":{"line":151,"column":23},"end":{"line":151,"column":53}}]},"41":{"type":"branch","line":159,"loc":{"start":{"line":159,"column":2},"end":{"line":161,"column":3}},"locations":[{"start":{"line":159,"column":2},"end":{"line":161,"column":3}}]},"42":{"type":"branch","line":160,"loc":{"start":{"line":160,"column":23},"end":{"line":160,"column":53}},"locations":[{"start":{"line":160,"column":23},"end":{"line":160,"column":53}}]},"43":{"type":"branch","line":162,"loc":{"start":{"line":162,"column":2},"end":{"line":164,"column":3}},"locations":[{"start":{"line":162,"column":2},"end":{"line":164,"column":3}}]},"44":{"type":"branch","line":165,"loc":{"start":{"line":165,"column":2},"end":{"line":167,"column":3}},"locations":[{"start":{"line":165,"column":2},"end":{"line":167,"column":3}}]},"45":{"type":"branch","line":166,"loc":{"start":{"line":166,"column":23},"end":{"line":166,"column":64}},"locations":[{"start":{"line":166,"column":23},"end":{"line":166,"column":64}}]},"46":{"type":"branch","line":168,"loc":{"start":{"line":168,"column":2},"end":{"line":170,"column":3}},"locations":[{"start":{"line":168,"column":2},"end":{"line":170,"column":3}}]},"47":{"type":"branch","line":169,"loc":{"start":{"line":169,"column":23},"end":{"line":169,"column":64}},"locations":[{"start":{"line":169,"column":23},"end":{"line":169,"column":64}}]},"48":{"type":"branch","line":171,"loc":{"start":{"line":171,"column":2},"end":{"line":173,"column":3}},"locations":[{"start":{"line":171,"column":2},"end":{"line":173,"column":3}}]},"49":{"type":"branch","line":172,"loc":{"start":{"line":172,"column":23},"end":{"line":172,"column":64}},"locations":[{"start":{"line":172,"column":23},"end":{"line":172,"column":64}}]},"50":{"type":"branch","line":174,"loc":{"start":{"line":174,"column":2},"end":{"line":176,"column":3}},"locations":[{"start":{"line":174,"column":2},"end":{"line":176,"column":3}}]},"51":{"type":"branch","line":175,"loc":{"start":{"line":175,"column":23},"end":{"line":175,"column":64}},"locations":[{"start":{"line":175,"column":23},"end":{"line":175,"column":64}}]},"52":{"type":"branch","line":177,"loc":{"start":{"line":177,"column":2},"end":{"line":179,"column":3}},"locations":[{"start":{"line":177,"column":2},"end":{"line":179,"column":3}}]},"53":{"type":"branch","line":178,"loc":{"start":{"line":178,"column":23},"end":{"line":178,"column":64}},"locations":[{"start":{"line":178,"column":23},"end":{"line":178,"column":64}}]},"54":{"type":"branch","line":180,"loc":{"start":{"line":180,"column":2},"end":{"line":182,"column":3}},"locations":[{"start":{"line":180,"column":2},"end":{"line":182,"column":3}}]},"55":{"type":"branch","line":183,"loc":{"start":{"line":183,"column":2},"end":{"line":185,"column":3}},"locations":[{"start":{"line":183,"column":2},"end":{"line":185,"column":3}}]},"56":{"type":"branch","line":184,"loc":{"start":{"line":184,"column":23},"end":{"line":184,"column":65}},"locations":[{"start":{"line":184,"column":23},"end":{"line":184,"column":65}}]},"57":{"type":"branch","line":186,"loc":{"start":{"line":186,"column":2},"end":{"line":188,"column":3}},"locations":[{"start":{"line":186,"column":2},"end":{"line":188,"column":3}}]},"58":{"type":"branch","line":187,"loc":{"start":{"line":187,"column":23},"end":{"line":187,"column":65}},"locations":[{"start":{"line":187,"column":23},"end":{"line":187,"column":65}}]},"59":{"type":"branch","line":189,"loc":{"start":{"line":189,"column":2},"end":{"line":191,"column":3}},"locations":[{"start":{"line":189,"column":2},"end":{"line":191,"column":3}}]},"60":{"type":"branch","line":190,"loc":{"start":{"line":190,"column":23},"end":{"line":190,"column":65}},"locations":[{"start":{"line":190,"column":23},"end":{"line":190,"column":65}}]},"61":{"type":"branch","line":192,"loc":{"start":{"line":192,"column":2},"end":{"line":194,"column":3}},"locations":[{"start":{"line":192,"column":2},"end":{"line":194,"column":3}}]},"62":{"type":"branch","line":193,"loc":{"start":{"line":193,"column":23},"end":{"line":193,"column":65}},"locations":[{"start":{"line":193,"column":23},"end":{"line":193,"column":65}}]},"63":{"type":"branch","line":197,"loc":{"start":{"line":197,"column":2},"end":{"line":200,"column":3}},"locations":[{"start":{"line":197,"column":2},"end":{"line":200,"column":3}}]},"64":{"type":"branch","line":198,"loc":{"start":{"line":198,"column":16},"end":{"line":198,"column":71}},"locations":[{"start":{"line":198,"column":16},"end":{"line":198,"column":71}}]},"65":{"type":"branch","line":202,"loc":{"start":{"line":202,"column":2},"end":{"line":206,"column":3}},"locations":[{"start":{"line":202,"column":2},"end":{"line":206,"column":3}}]},"66":{"type":"branch","line":203,"loc":{"start":{"line":203,"column":16},"end":{"line":203,"column":71}},"locations":[{"start":{"line":203,"column":16},"end":{"line":203,"column":71}}]},"67":{"type":"branch","line":208,"loc":{"start":{"line":208,"column":2},"end":{"line":210,"column":3}},"locations":[{"start":{"line":208,"column":2},"end":{"line":210,"column":3}}]},"68":{"type":"branch","line":211,"loc":{"start":{"line":211,"column":2},"end":{"line":213,"column":3}},"locations":[{"start":{"line":211,"column":2},"end":{"line":213,"column":3}}]},"69":{"type":"branch","line":214,"loc":{"start":{"line":214,"column":2},"end":{"line":216,"column":3}},"locations":[{"start":{"line":214,"column":2},"end":{"line":216,"column":3}}]},"70":{"type":"branch","line":217,"loc":{"start":{"line":217,"column":2},"end":{"line":219,"column":3}},"locations":[{"start":{"line":217,"column":2},"end":{"line":219,"column":3}}]},"71":{"type":"branch","line":220,"loc":{"start":{"line":220,"column":2},"end":{"line":222,"column":3}},"locations":[{"start":{"line":220,"column":2},"end":{"line":222,"column":3}}]},"72":{"type":"branch","line":223,"loc":{"start":{"line":223,"column":2},"end":{"line":225,"column":3}},"locations":[{"start":{"line":223,"column":2},"end":{"line":225,"column":3}}]},"73":{"type":"branch","line":226,"loc":{"start":{"line":226,"column":2},"end":{"line":228,"column":3}},"locations":[{"start":{"line":226,"column":2},"end":{"line":228,"column":3}}]},"74":{"type":"branch","line":229,"loc":{"start":{"line":229,"column":2},"end":{"line":231,"column":3}},"locations":[{"start":{"line":229,"column":2},"end":{"line":231,"column":3}}]},"75":{"type":"branch","line":232,"loc":{"start":{"line":232,"column":2},"end":{"line":234,"column":3}},"locations":[{"start":{"line":232,"column":2},"end":{"line":234,"column":3}}]},"76":{"type":"branch","line":235,"loc":{"start":{"line":235,"column":2},"end":{"line":237,"column":3}},"locations":[{"start":{"line":235,"column":2},"end":{"line":237,"column":3}}]},"77":{"type":"branch","line":240,"loc":{"start":{"line":240,"column":2},"end":{"line":243,"column":3}},"locations":[{"start":{"line":240,"column":2},"end":{"line":243,"column":3}}]},"78":{"type":"branch","line":244,"loc":{"start":{"line":244,"column":2},"end":{"line":246,"column":3}},"locations":[{"start":{"line":244,"column":2},"end":{"line":246,"column":3}}]},"79":{"type":"branch","line":245,"loc":{"start":{"line":245,"column":23},"end":{"line":245,"column":69}},"locations":[{"start":{"line":245,"column":23},"end":{"line":245,"column":69}}]},"80":{"type":"branch","line":247,"loc":{"start":{"line":247,"column":2},"end":{"line":249,"column":3}},"locations":[{"start":{"line":247,"column":2},"end":{"line":249,"column":3}}]},"81":{"type":"branch","line":248,"loc":{"start":{"line":248,"column":23},"end":{"line":248,"column":77}},"locations":[{"start":{"line":248,"column":23},"end":{"line":248,"column":77}}]},"82":{"type":"branch","line":250,"loc":{"start":{"line":250,"column":2},"end":{"line":252,"column":3}},"locations":[{"start":{"line":250,"column":2},"end":{"line":252,"column":3}}]},"83":{"type":"branch","line":253,"loc":{"start":{"line":253,"column":2},"end":{"line":255,"column":3}},"locations":[{"start":{"line":253,"column":2},"end":{"line":255,"column":3}}]},"84":{"type":"branch","line":254,"loc":{"start":{"line":254,"column":23},"end":{"line":254,"column":69}},"locations":[{"start":{"line":254,"column":23},"end":{"line":254,"column":69}}]},"85":{"type":"branch","line":256,"loc":{"start":{"line":256,"column":2},"end":{"line":258,"column":3}},"locations":[{"start":{"line":256,"column":2},"end":{"line":258,"column":3}}]},"86":{"type":"branch","line":259,"loc":{"start":{"line":259,"column":2},"end":{"line":261,"column":3}},"locations":[{"start":{"line":259,"column":2},"end":{"line":261,"column":3}}]},"87":{"type":"branch","line":262,"loc":{"start":{"line":262,"column":2},"end":{"line":264,"column":3}},"locations":[{"start":{"line":262,"column":2},"end":{"line":264,"column":3}}]},"88":{"type":"branch","line":265,"loc":{"start":{"line":265,"column":2},"end":{"line":267,"column":3}},"locations":[{"start":{"line":265,"column":2},"end":{"line":267,"column":3}}]},"89":{"type":"branch","line":268,"loc":{"start":{"line":268,"column":2},"end":{"line":270,"column":3}},"locations":[{"start":{"line":268,"column":2},"end":{"line":270,"column":3}}]},"90":{"type":"branch","line":271,"loc":{"start":{"line":271,"column":2},"end":{"line":273,"column":3}},"locations":[{"start":{"line":271,"column":2},"end":{"line":273,"column":3}}]},"91":{"type":"branch","line":274,"loc":{"start":{"line":274,"column":2},"end":{"line":276,"column":3}},"locations":[{"start":{"line":274,"column":2},"end":{"line":276,"column":3}}]},"92":{"type":"branch","line":277,"loc":{"start":{"line":277,"column":2},"end":{"line":279,"column":3}},"locations":[{"start":{"line":277,"column":2},"end":{"line":279,"column":3}}]},"93":{"type":"branch","line":282,"loc":{"start":{"line":282,"column":2},"end":{"line":291,"column":3}},"locations":[{"start":{"line":282,"column":2},"end":{"line":291,"column":3}}]},"94":{"type":"branch","line":284,"loc":{"start":{"line":284,"column":15},"end":{"line":284,"column":32}},"locations":[{"start":{"line":284,"column":15},"end":{"line":284,"column":32}}]},"95":{"type":"branch","line":284,"loc":{"start":{"line":284,"column":28},"end":{"line":284,"column":34}},"locations":[{"start":{"line":284,"column":28},"end":{"line":284,"column":34}}]},"96":{"type":"branch","line":293,"loc":{"start":{"line":293,"column":2},"end":{"line":296,"column":3}},"locations":[{"start":{"line":293,"column":2},"end":{"line":296,"column":3}}]},"97":{"type":"branch","line":294,"loc":{"start":{"line":294,"column":17},"end":{"line":294,"column":61}},"locations":[{"start":{"line":294,"column":17},"end":{"line":294,"column":61}}]},"98":{"type":"branch","line":299,"loc":{"start":{"line":299,"column":2},"end":{"line":301,"column":3}},"locations":[{"start":{"line":299,"column":2},"end":{"line":301,"column":3}}]},"99":{"type":"branch","line":303,"loc":{"start":{"line":303,"column":2},"end":{"line":305,"column":3}},"locations":[{"start":{"line":303,"column":2},"end":{"line":305,"column":3}}]},"100":{"type":"branch","line":307,"loc":{"start":{"line":307,"column":2},"end":{"line":309,"column":3}},"locations":[{"start":{"line":307,"column":2},"end":{"line":309,"column":3}}]},"101":{"type":"branch","line":311,"loc":{"start":{"line":311,"column":2},"end":{"line":313,"column":3}},"locations":[{"start":{"line":311,"column":2},"end":{"line":313,"column":3}}]},"102":{"type":"branch","line":315,"loc":{"start":{"line":315,"column":2},"end":{"line":320,"column":3}},"locations":[{"start":{"line":315,"column":2},"end":{"line":320,"column":3}}]},"103":{"type":"branch","line":318,"loc":{"start":{"line":318,"column":37},"end":{"line":318,"column":80}},"locations":[{"start":{"line":318,"column":37},"end":{"line":318,"column":80}}]},"104":{"type":"branch","line":318,"loc":{"start":{"line":318,"column":78},"end":{"line":319,"column":18}},"locations":[{"start":{"line":318,"column":78},"end":{"line":319,"column":18}}]},"105":{"type":"branch","line":322,"loc":{"start":{"line":322,"column":2},"end":{"line":327,"column":3}},"locations":[{"start":{"line":322,"column":2},"end":{"line":327,"column":3}}]},"106":{"type":"branch","line":325,"loc":{"start":{"line":325,"column":37},"end":{"line":325,"column":79}},"locations":[{"start":{"line":325,"column":37},"end":{"line":325,"column":79}}]},"107":{"type":"branch","line":325,"loc":{"start":{"line":325,"column":77},"end":{"line":326,"column":18}},"locations":[{"start":{"line":325,"column":77},"end":{"line":326,"column":18}}]},"108":{"type":"branch","line":329,"loc":{"start":{"line":329,"column":2},"end":{"line":335,"column":3}},"locations":[{"start":{"line":329,"column":2},"end":{"line":335,"column":3}}]},"109":{"type":"branch","line":333,"loc":{"start":{"line":333,"column":6},"end":{"line":333,"column":52}},"locations":[{"start":{"line":333,"column":6},"end":{"line":333,"column":52}}]},"110":{"type":"branch","line":333,"loc":{"start":{"line":333,"column":50},"end":{"line":334,"column":18}},"locations":[{"start":{"line":333,"column":50},"end":{"line":334,"column":18}}]}},"b":{"0":[33],"1":[21],"2":[15],"3":[3810],"4":[1270],"5":[187],"6":[438],"7":[6],"8":[16],"9":[6],"10":[4],"11":[2],"12":[0],"13":[2],"14":[1270],"15":[1270],"16":[1062],"17":[34],"18":[207],"19":[12],"20":[175],"21":[12],"22":[581],"23":[526],"24":[525],"25":[322],"26":[17],"27":[308],"28":[275],"29":[8],"30":[6],"31":[208],"32":[8],"33":[3],"34":[1],"35":[1],"36":[19],"37":[4],"38":[4],"39":[11],"40":[11],"41":[3],"42":[3],"43":[4],"44":[73],"45":[73],"46":[4],"47":[4],"48":[4],"49":[4],"50":[4],"51":[4],"52":[4],"53":[4],"54":[4],"55":[2],"56":[2],"57":[2],"58":[2],"59":[2],"60":[2],"61":[3],"62":[3],"63":[29],"64":[87],"65":[4],"66":[16],"67":[10],"68":[3],"69":[2],"70":[5],"71":[2],"72":[3],"73":[2],"74":[4],"75":[6],"76":[3],"77":[32],"78":[31],"79":[31],"80":[10],"81":[10],"82":[7],"83":[30],"84":[30],"85":[6],"86":[8],"87":[64],"88":[7],"89":[3],"90":[3],"91":[11],"92":[6],"93":[6],"94":[1],"95":[5],"96":[5],"97":[0],"98":[6],"99":[5],"100":[6],"101":[4],"102":[11],"103":[19],"104":[6],"105":[11],"106":[19],"107":[6],"108":[11],"109":[19],"110":[6]},"fnMap":{"0":{"name":"validateCount","decl":{"start":{"line":18,"column":0},"end":{"line":22,"column":1}},"loc":{"start":{"line":18,"column":0},"end":{"line":22,"column":1}},"line":18},"1":{"name":"clampByte","decl":{"start":{"line":24,"column":18},"end":{"line":25,"column":44}},"loc":{"start":{"line":24,"column":18},"end":{"line":25,"column":44}},"line":24},"2":{"name":"clampAlpha","decl":{"start":{"line":26,"column":19},"end":{"line":26,"column":70}},"loc":{"start":{"line":26,"column":19},"end":{"line":26,"column":70}},"line":26},"3":{"name":"clampHue","decl":{"start":{"line":27,"column":17},"end":{"line":27,"column":64}},"loc":{"start":{"line":27,"column":17},"end":{"line":27,"column":64}},"line":27},"4":{"name":"clampPercent","decl":{"start":{"line":28,"column":21},"end":{"line":28,"column":74}},"loc":{"start":{"line":28,"column":21},"end":{"line":28,"column":74}},"line":28},"5":{"name":"registerBlend","decl":{"start":{"line":44,"column":7},"end":{"line":48,"column":1}},"loc":{"start":{"line":44,"column":7},"end":{"line":48,"column":1}},"line":44},"6":{"name":"registerResolver","decl":{"start":{"line":52,"column":7},"end":{"line":54,"column":1}},"loc":{"start":{"line":52,"column":7},"end":{"line":54,"column":1}},"line":52},"7":{"name":"resolveValue","decl":{"start":{"line":56,"column":0},"end":{"line":60,"column":1}},"loc":{"start":{"line":56,"column":0},"end":{"line":60,"column":1}},"line":56},"8":{"name":"<instance_members_initializer>","decl":{"start":{"line":64,"column":11},"end":{"line":67,"column":22}},"loc":{"start":{"line":64,"column":11},"end":{"line":67,"column":22}},"line":64},"9":{"name":"Color","decl":{"start":{"line":69,"column":2},"end":{"line":74,"column":3}},"loc":{"start":{"line":69,"column":2},"end":{"line":74,"column":3}},"line":69},"10":{"name":"_hsl","decl":{"start":{"line":76,"column":10},"end":{"line":78,"column":3}},"loc":{"start":{"line":76,"column":10},"end":{"line":78,"column":3}},"line":76},"11":{"name":"_hsb","decl":{"start":{"line":79,"column":10},"end":{"line":81,"column":3}},"loc":{"start":{"line":79,"column":10},"end":{"line":81,"column":3}},"line":79},"12":{"name":"fromHsl","decl":{"start":{"line":82,"column":10},"end":{"line":85,"column":3}},"loc":{"start":{"line":82,"column":10},"end":{"line":85,"column":3}},"line":82},"13":{"name":"fromHsb","decl":{"start":{"line":86,"column":10},"end":{"line":89,"column":3}},"loc":{"start":{"line":86,"column":10},"end":{"line":89,"column":3}},"line":86},"14":{"name":"mapHsl","decl":{"start":{"line":90,"column":10},"end":{"line":93,"column":3}},"loc":{"start":{"line":90,"column":10},"end":{"line":93,"column":3}},"line":90},"15":{"name":"mapHsb","decl":{"start":{"line":94,"column":10},"end":{"line":97,"column":3}},"loc":{"start":{"line":94,"column":10},"end":{"line":97,"column":3}},"line":94},"16":{"name":"get red","decl":{"start":{"line":100,"column":2},"end":{"line":102,"column":3}},"loc":{"start":{"line":100,"column":2},"end":{"line":102,"column":3}},"line":100},"17":{"name":"get green","decl":{"start":{"line":103,"column":2},"end":{"line":105,"column":3}},"loc":{"start":{"line":103,"column":2},"end":{"line":105,"column":3}},"line":103},"18":{"name":"get blue","decl":{"start":{"line":106,"column":2},"end":{"line":108,"column":3}},"loc":{"start":{"line":106,"column":2},"end":{"line":108,"column":3}},"line":106},"19":{"name":"get hue","decl":{"start":{"line":109,"column":2},"end":{"line":111,"column":3}},"loc":{"start":{"line":109,"column":2},"end":{"line":111,"column":3}},"line":109},"20":{"name":"get saturationHsl","decl":{"start":{"line":112,"column":2},"end":{"line":114,"column":3}},"loc":{"start":
[...]
"column":53}}]},"15":{"type":"branch","line":58,"loc":{"start":{"line":58,"column":53},"end":{"line":60,"column":3}},"locations":[{"start":{"line":58,"column":53},"end":{"line":60,"column":3}}]},"16":{"type":"branch","line":60,"loc":{"start":{"line":60,"column":2},"end":{"line":65,"column":1}},"locations":[{"start":{"line":60,"column":2},"end":{"line":65,"column":1}}]},"17":{"type":"branch","line":70,"loc":{"start":{"line":70,"column":7},"end":{"line":72,"column":1}},"locations":[{"start":{"line":70,"column":7},"end":{"line":72,"column":1}}]},"18":{"type":"branch","line":80,"loc":{"start":{"line":80,"column":7},"end":{"line":108,"column":1}},"locations":[{"start":{"line":80,"column":7},"end":{"line":108,"column":1}}]},"19":{"type":"branch","line":82,"loc":{"start":{"line":82,"column":15},"end":{"line":82,"column":48}},"locations":[{"start":{"line":82,"column":15},"end":{"line":82,"column":48}}]},"20":{"type":"branch","line":82,"loc":{"start":{"line":82,"column":46},"end":{"line":86,"column":24}},"locations":[{"start":{"line":82,"column":46},"end":{"line":86,"column":24}}]},"21":{"type":"branch","line":86,"loc":{"start":{"line":86,"column":15},"end":{"line":86,"column":41}},"locations":[{"start":{"line":86,"column":15},"end":{"line":86,"column":41}}]},"22":{"type":"branch","line":86,"loc":{"start":{"line":86,"column":41},"end":{"line":94,"column":3}},"locations":[{"start":{"line":86,"column":41},"end":{"line":94,"column":3}}]},"23":{"type":"branch","line":87,"loc":{"start":{"line":87,"column":44},"end":{"line":87,"column":77}},"locations":[{"start":{"line":87,"column":44},"end":{"line":87,"column":77}}]},"24":{"type":"branch","line":91,"loc":{"start":{"line":91,"column":26},"end":{"line":91,"column":67}},"locations":[{"start":{"line":91,"column":26},"end":{"line":91,"column":67}}]},"25":{"type":"branch","line":91,"loc":{"start":{"line":91,"column":63},"end":{"line":91,"column":69}},"locations":[{"start":{"line":91,"column":63},"end":{"line":91,"column":69}}]},"26":{"type":"branch","line":92,"loc":{"start":{"line":92,"column":41},"end":{"line":92,"column":74}},"locations":[{"start":{"line":92,"column":41},"end":{"line":92,"column":74}}]},"27":{"type":"branch","line":92,"loc":{"start":{"line":92,"column":72},"end":{"line":94,"column":3}},"locations":[{"start":{"line":92,"column":72},"end":{"line":94,"column":3}}]},"28":{"type":"branch","line":94,"loc":{"start":{"line":94,"column":2},"end":{"line":96,"column":41}},"locations":[{"start":{"line":94,"column":2},"end":{"line":96,"column":41}}]},"29":{"type":"branch","line":94,"loc":{"start":{"line":94,"column":2},"end":{"line":96,"column":24}},"locations":[{"start":{"line":94,"column":2},"end":{"line":96,"column":24}}]},"30":{"type":"branch","line":96,"loc":{"start":{"line":96,"column":15},"end":{"line":96,"column":41}},"locations":[{"start":{"line":96,"column":15},"end":{"line":96,"column":41}}]},"31":{"type":"branch","line":96,"loc":{"start":{"line":96,"column":41},"end":{"line":108,"column":1}},"locations":[{"start":{"line":96,"column":41},"end":{"line":108,"column":1}}]},"32":{"type":"branch","line":96,"loc":{"start":{"line":96,"column":41},"end":{"line":105,"column":3}},"locations":[{"start":{"line":96,"column":41},"end":{"line":105,"column":3}}]},"33":{"type":"branch","line":97,"loc":{"start":{"line":97,"column":44},"end":{"line":97,"column":77}},"locations":[{"start":{"line":97,"column":44},"end":{"line":97,"column":77}}]},"34":{"type":"branch","line":101,"loc":{"start":{"line":101,"column":26},"end":{"line":101,"column":67}},"locations":[{"start":{"line":101,"column":26},"end":{"line":101,"column":67}}]},"35":{"type":"branch","line":101,"loc":{"start":{"line":101,"column":63},"end":{"line":101,"column":69}},"locations":[{"start":{"line":101,"column":63},"end":{"line":101,"column":69}}]},"36":{"type":"branch","line":102,"loc":{"start":{"line":102,"column":43},"end":{"line":102,"column":76}},"locations":[{"start":{"line":102,"column":43},"end":{"line":102,"column":76}}]},"37":{"type":"branch","line":102,"loc":{"start":{"line":102,"column":74},"end":{"line":105,"column":3}},"locations":[{"start":{"line":102,"column":74},"end":{"line":105,"column":3}}]},"38":{"type":"branch","line":105,"loc":{"start":{"line":105,"column":2},"end":{"line":108,"column":1}},"locations":[{"start":{"line":105,"column":2},"end":{"line":108,"column":1}}]},"39":{"type":"branch","line":119,"loc":{"start":{"line":119,"column":7},"end":{"line":129,"column":1}},"locations":[{"start":{"line":119,"column":7},"end":{"line":129,"column":1}}]},"40":{"type":"branch","line":125,"loc":{"start":{"line":125,"column":26},"end":{"line":125,"column":57}},"locations":[{"start":{"line":125,"column":26},"end":{"line":125,"column":57}}]},"41":{"type":"branch","line":125,"loc":{"start":{"line":125,"column":44},"end":{"line":125,"column":74}},"locations":[{"start":{"line":125,"column":44},"end":{"line":125,"column":74}}]},"42":{"type":"branch","line":125,"loc":{"start":{"line":125,"column":74},"end":{"line":127,"column":3}},"locations":[{"start":{"line":125,"column":74},"end":{"line":127,"column":3}}]},"43":{"type":"branch","line":127,"loc":{"start":{"line":127,"column":2},"end":{"line":129,"column":1}},"locations":[{"start":{"line":127,"column":2},"end":{"line":129,"column":1}}]},"44":{"type":"branch","line":132,"loc":{"start":{"line":132,"column":7},"end":{"line":172,"column":1}},"locations":[{"start":{"line":132,"column":7},"end":{"line":172,"column":1}}]},"45":{"type":"branch","line":133,"loc":{"start":{"line":133,"column":21},"end":{"line":135,"column":3}},"locations":[{"start":{"line":133,"column":21},"end":{"line":135,"column":3}}]},"46":{"type":"branch","line":135,"loc":{"start":{"line":135,"column":2},"end":{"line":137,"column":30}},"locations":[{"start":{"line":135,"column":2},"end":{"line":137,"column":30}}]},"47":{"type":"branch","line":137,"loc":{"start":{"line":137,"column":30},"end":{"line":139,"column":3}},"locations":[{"start":{"line":137,"column":30},"end":{"line":139,"column":3}}]},"48":{"type":"branch","line":139,"loc":{"start":{"line":139,"column":2},"end":{"line":172,"column":1}},"locations":[{"start":{"line":139,"column":2},"end":{"line":172,"column":1}}]},"49":{"type":"branch","line":139,"loc":{"start":{"line":139,"column":2},"end":{"line":141,"column":33}},"locations":[{"start":{"line":139,"column":2},"end":{"line":141,"column":33}}]},"50":{"type":"branch","line":141,"loc":{"start":{"line":141,"column":33},"end":{"line":143,"column":3}},"locations":[{"start":{"line":141,"column":33},"end":{"line":143,"column":3}}]},"51":{"type":"branch","line":143,"loc":{"start":{"line":143,"column":2},"end":{"line":169,"column":3}},"locations":[{"start":{"line":143,"column":2},"end":{"line":169,"column":3}}]},"52":{"type":"branch","line":143,"loc":{"start":{"line":143,"column":2},"end":{"line":145,"column":33}},"locations":[{"start":{"line":143,"column":2},"end":{"line":145,"column":33}}]},"53":{"type":"branch","line":145,"loc":{"start":{"line":145,"column":33},"end":{"line":169,"column":3}},"locations":[{"start":{"line":145,"column":33},"end":{"line":169,"column":3}}]},"54":{"type":"branch","line":149,"loc":{"start":{"line":149,"column":27},"end":{"line":154,"column":52}},"locations":[{"start":{"line":149,"column":27},"end":{"line":154,"column":52}}]},"55":{"type":"branch","line":149,"loc":{"start":{"line":149,"column":27},"end":{"line":151,"column":5}},"locations":[{"start":{"line":149,"column":27},"end":{"line":151,"column":5}}]},"56":{"type":"branch","line":151,"loc":{"start":{"line":151,"column":4},"end":{"line":154,"column":52}},"locations":[{"start":{"line":151,"column":4},"end":{"line":154,"column":52}}]},"57":{"type":"branch","line":151,"loc":{"start":{"line":151,"column":4},"end":{"line":154,"column":31}},"locations":[{"start":{"line":151,"column":4},"end":{"line":154,"column":31}}]},"58":{"type":"branch","line":154,"loc":{"start":{"line":154,"column":26},"end":{"line":154,"column":52}},"locations":[{"start":{"line":154,"column":26},"end":{"line":154,"column":52}}]},"59":{"type":"branch","line":154,"loc":{"start":{"line":154,"column":52},"end":{"line":169,"column":3}},"locations":[{"start":{"line":154,"column":52},"end":{"line":169,"column":3}}]},"60":{"type":"branch","line":154,"loc":{"start":{"line":154,"column":52},"end":{"line":156,"column":5}},"locations":[{"start":{"line":154,"column":52},"end":{"line":156,"column":5}}]},"61":{"type":"branch","line":156,"loc":{"start":{"line":156,"column":4},"end":{"line":160,"column":33}},"locations":[{"start":{"line":156,"column":4},"end":{"line":160,"column":33}}]},"62":{"type":"branch","line":160,"loc":{"start":{"line":160,"column":33},"end":{"line":162,"column":5}},"locations":[{"start":{"line":160,"column":33},"end":{"line":162,"column":5}}]},"63":{"type":"branch","line":162,"loc":{"start":{"line":162,"column":4},"end":{"line":166,"column":5}},"locations":[{"start":{"line":162,"column":4},"end":{"line":166,"column":5}}]},"64":{"type":"branch","line":162,"loc":{"start":{"line":162,"column":4},"end":{"line":164,"column":18}},"locations":[{"start":{"line":162,"column":4},"end":{"line":164,"column":18}}]},"65":{"type":"branch","line":164,"loc":{"start":{"line":164,"column":18},"end":{"line":166,"column":5}},"locations":[{"start":{"line":164,"column":18},"end":{"line":166,"column":5}}]},"66":{"type":"branch","line":166,"loc":{"start":{"line":166,"column":4},"end":{"line":169,"column":3}},"locations":[{"start":{"line":166,"column":4},"end":{"line":169,"column":3}}]},"67":{"type":"branch","line":169,"loc":{"start":{"line":169,"column":2},"end":{"line":172,"column":1}},"locations":[{"start":{"line":169,"column":2},"end":{"line":172,"column":1}}]}},"b":{"0":[237],"1":[126],"2":[2],"3":[124],"4":[3],"5":[121],"6":[3],"7":[125],"8":[118],"9":[116],"10":[2],"11":[8],"12":[17],"13":[13],"14":[11],"15":[7],"16":[10],"17":[3],"18":[24],"19":[2],"20":[22],"21":[10],"22":[14],"23":[0],"24":[3],"25":[11],"26":[3],"27":[11],"28":[23],"29":[8],"30":[1],"31":[23],"32":[8],"33":[0],"34":[2],"35":[6],"36":[1],"37":[7],"38":[0],"39":[17],"40":[2],"41":[1],"42":[1],"43":[16],"44":[433],"45":[4],"46":[429],"47":[409],"48":[190],"49":[20],"50":[2],"51":[24],"52":[18],"53":[16],"54":[15],"55":[6],"56":[11],"57":[10],"58":[9],"59":[12],"60":[1],"61":[9],"62":[2],"63":[10],"64":[7],"65":[5],"66":[2],"67":[2]},"fnMap":{"0":{"name":"rgb","decl":{"start":{"line":10,"column":7},"end":{"line":12,"column":1}},"loc":{"start":{"line":10,"column":7},"end":{"line":12,"column":1}},"line":10},"1":{"name":"hex","decl":{"start":{"line":18,"column":7},"end":{"line":44,"column":1}},"loc":{"start":{"line":18,"column":7},"end":{"line":44,"column":1}},"line":18},"2":{"name":"hsl","decl":{"start":{"line":49,"column":7},"end":{"line":52,"column":1}},"loc":{"start":{"line":49,"column":7},"end":{"line":52,"column":1}},"line":49},"3":{"name":"int","decl":{"start":{"line":57,"column":7},"end":{"line":65,"column":1}},"loc":{"start":{"line":57,"column":7},"end":{"line":65,"column":1}},"line":57},"4":{"name":"grayscale","decl":{"start":{"line":70,"column":7},"end":{"line":72,"column":1}},"loc":{"start":{"line":70,"column":7},"end":{"line":72,"column":1}},"line":70},"5":{"name":"css","decl":{"start":{"line":80,"column":7},"end":{"line":108,"column":1}},"loc":{"start":{"line":80,"column":7},"end":{"line":108,"column":1}},"line":80},"6":{"name":"kleur","decl":{"start":{"line":119,"column":7},"end":{"line":129,"column":1}},"loc":{"start":{"line":119,"column":7},"end":{"line":129,"column":1}},"line":119},"7":{"name":"resolve","decl":{"start":{"line":132,"column":7},"end":{"line":172,"column":1}},"loc":{"start":{"line":132,"column":7},"end":{"line":172,"column":1}},"line":132}},"f":{"0":237,"1":126,"2":8,"3":17,"4":3,"5":24,"6":17,"7":433}}
,"/Users/driangle/workplace/gg/kleur/ts/src/random.ts": {"path":"/Users/driangle/workplace/gg/kleur/ts/src/random.ts","all":false,"statementMap":{"0":{"start":{"line":1,"column":0},"end":{"line":1,"column":35}},"1":{"start":{"line":2,"column":0},"end":{"line":2,"column":36}},"16":{"start":{"line":17,"column":0},"end":{"line":17,"column":75}},"17":{"start":{"line":18,"column":0},"end":{"line":18,"column":32}},"18":{"start":{"line":19,"column":0},"end":{"line":19,"column":32}},"19":{"start":{"line":20,"column":0},"end":{"line":20,"column":32}},"20":{"start":{"line":21,"column":0},"end":{"line":21,"column":1}},"22":{"start":{"line":23,"column":0},"end":{"line":23,"column":19}},"23":{"start":{"line":24,"column":0},"end":{"line":24,"column":57}},"24":{"start":{"line":25,"column":0},"end":{"line":25,"column":20}},"25":{"start":{"line":26,"column":0},"end":{"line":26,"column":11}},"26":{"start":{"line":27,"column":0},"end":{"line":27,"column":16}},"27":{"start":{"line":28,"column":0},"end":{"line":28,"column":36}},"28":{"start":{"line":29,"column":0},"end":{"line":29,"column":3}},"29":{"start":{"line":30,"column":0},"end":{"line":30,"column":30}},"30":{"start":{"line":31,"column":0},"end":{"line":31,"column":50}},"31":{"start":{"line":32,"column":0},"end":{"line":32,"column":3}},"32":{"start":{"line":33,"column":0},"end":{"line":33,"column":26}},"35":{"start":{"line":36,"column":0},"end":{"line":36,"column":26}},"36":{"start":{"line":37,"column":0},"end":{"line":37,"column":39}},"37":{"start":{"line":38,"column":0},"end":{"line":38,"column":3}},"39":{"start":{"line":40,"column":0},"end":{"line":40,"column":35}},"40":{"start":{"line":41,"column":0},"end":{"line":41,"column":1}},"45":{"start":{"line":46,"column":0},"end":{"line":46,"column":56}},"46":{"start":{"line":47,"column":0},"end":{"line":47,"column":42}},"47":{"start":{"line":48,"column":0},"end":{"line":48,"column":41}},"48":{"start":{"line":49,"column":0},"end":{"line":49,"column":31}},"49":{"start":{"line":50,"column":0},"end":{"line":50,"column":68}},"50":{"start":{"line":51,"column":0},"end":{"line":51,"column":31}},"51":{"start":{"line":52,"column":0},"end":{"line":52,"column":30}},"52":{"start":{"line":53,"column":0},"end":{"line":53,"column":66}},"53":{"start":{"line":54,"column":0},"end":{"line":54,"column":31}},"54":{"start":{"line":55,"column":0},"end":{"line":55,"column":32}},"56":{"start":{"line":57,"column":0},"end":{"line":57,"column":40}},"57":{"start":{"line":58,"column":0},"end":{"line":58,"column":31}},"58":{"start":{"line":59,"column":0},"end":{"line":59,"column":1}}},"s":{"0":1,"1":1,"16":1562,"17":1562,"18":1562,"19":1562,"20":1562,"22":554,"23":554,"24":554,"25":554,"26":554,"27":303,"28":303,"29":554,"30":101,"31":101,"32":554,"35":100,"36":100,"37":100,"39":50,"40":50,"45":1,"46":554,"47":554,"48":554,"49":301,"50":253,"51":554,"52":401,"53":153,"54":554,"56":554,"57":554,"58":554},"branchMap":{"0":{"type":"branch","line":17,"loc":{"start":{"line":17,"column":0},"end":{"line":21,"column":1}},"locations":[{"start":{"line":17,"column":0},"end":{"line":21,"column":1}}]},"1":{"type":"branch","line":23,"loc":{"start":{"line":23,"column":0},"end":{"line":41,"column":1}},"locations":[{"start":{"line":23,"column":0},"end":{"line":41,"column":1}}]},"2":{"type":"branch","line":27,"loc":{"start":{"line":27,"column":15},"end":{"line":29,"column":3}},"locations":[{"start":{"line":27,"column":15},"end":{"line":29,"column":3}}]},"3":{"type":"branch","line":29,"loc":{"start":{"line":29,"column":2},"end":{"line":30,"column":29}},"locations":[{"start":{"line":29,"column":2},"end":{"line":30,"column":29}}]},"4":{"type":"branch","line":30,"loc":{"start":{"line":30,"column":29},"end":{"line":32,"column":3}},"locations":[{"start":{"line":30,"column":29},"end":{"line":32,"column":3}}]},"5":{"type":"branch","line":32,"loc":{"start":{"line":32,"column":2},"end":{"line":33,"column":25}},"locations":[{"start":{"line":32,"column":2},"end":{"line":33,"column":25}}]},"6":{"type":"branch","line":33,"loc":{"start":{"line":33,"column":25},"end":{"line":38,"column":3}},"locations":[{"start":{"line":33,"column":25},"end":{"line":38,"column":3}}]},"7":{"type":"branch","line":37,"loc":{"start":{"line":37,"column":15},"end":{"line":37,"column":24}},"locations":[{"start":{"line":37,"column":15},"end":{"line":37,"column":24}}]},"8":{"type":"branch","line":37,"loc":{"start":{"line":37,"column":20},"end":{"line":37,"column":39}},"locations":[{"start":{"line":37,"column":20},"end":{"line":37,"column":39}}]},"9":{"type":"branch","line":38,"loc":{"start":{"line":38,"column":2},"end":{"line":41,"column":1}},"locations":[{"start":{"line":38,"column":2},"end":{"line":41,"column":1}}]},"10":{"type":"branch","line":46,"loc":{"start":{"line":46,"column":7},"end":{"line":59,"column":1}},"locations":[{"start":{"line":46,"column":7},"end":{"line":59,"column":1}}]},"11":{"type":"branch","line":47,"loc":{"start":{"line":47,"column":14},"end":{"line":47,"column":30}},"locations":[{"start":{"line":47,"column":14},"end":{"line":47,"column":30}}]},"12":{"type":"branch","line":47,"loc":{"start":{"line":47,"column":23},"end":{"line":47,"column":42}},"locations":[{"start":{"line":47,"column":23},"end":{"line":47,"column":42}}]},"13":{"type":"branch","line":48,"loc":{"start":{"line":48,"column":22},"end":{"line":48,"column":36}},"locations":[{"start":{"line":48,"column":22},"end":{"line":48,"column":36}}]},"14":{"type":"branch","line":49,"loc":{"start":{"line":49,"column":12},"end":{"line":49,"column":31}},"locations":[{"start":{"line":49,"column":12},"end":{"line":49,"column":31}}]},"15":{"type":"branch","line":49,"loc":{"start":{"line":49,"column":21},"end":{"line":50,"column":68}},"locations":[{"start":{"line":49,"column":21},"end":{"line":50,"column":68}}]},"16":{"type":"branch","line":50,"loc":{"start":{"line":50,"column":67},"end":{"line":51,"column":31}},"locations":[{"start":{"line":50,"column":67},"end":{"line":51,"column":31}}]},"17":{"type":"branch","line":52,"loc":{"start":{"line":52,"column":12},"end":{"line":52,"column":30}},"locations":[{"start":{"line":52,"column":12},"end":{"line":52,"column":30}}]},"18":{"type":"branch","line":52,"loc":{"start":{"line":52,"column":21},"end":{"line":53,"column":66}},"locations":[{"start":{"line":52,"column":21},"end":{"line":53,"column":66}}]},"19":{"type":"branch","line":53,"loc":{"start":{"line":53,"column":65},"end":{"line":54,"column":31}},"locations":[{"start":{"line":53,"column":65},"end":{"line":54,"column":31}}]},"20":{"type":"branch","line":55,"loc":{"start":{"line":55,"column":12},"end":{"line":55,"column":30}},"locations":[{"start":{"line":55,"column":12},"end":{"line":55,"column":30}}]},"21":{"type":"branch","line":55,"loc":{"start":{"line":55,"column":21},"end":{"line":55,"column":32}},"locations":[{"start":{"line":55,"column":21},"end":{"line":55,"column":32}}]}},"b":{"0":[1562],"1":[554],"2":[303],"3":[251],"4":[101],"5":[150],"6":[100],"7":[75],"8":[25],"9":[50],"10":[554],"11":[503],"12":[551],"13":[503],"14":[503],"15":[301],"16":[253],"17":[503],"18":[401],"19":[153],"20":[503],"21":[454]},"fnMap":{"0":{"name":"randInRange","decl":{"start":{"line":17,"column":0},"end":{"line":21,"column":1}},"loc":{"start":{"line":17,"column":0},"end":{"line":21,"column":1}},"line":17},"1":{"name":"randomHue","decl":{"start":{"line":23,"column":0},"end":{"line":41,"column":1}},"loc":{"start":{"line":23,"column":0},"end":{"line":41,"column":1}},"line":23},"2":{"name":"random","decl":{"start":{"line":46,"column":7},"end":{"line":59,"column":1}},"loc":{"start":{"line":46,"column":7},"end":{"line":59,"column":1}},"line":46}},"f":{"0":1562,"1":554,"2":554}}
,"/Users/driangle/workplace/gg/kleur/ts/src/types.ts": {"path":"/Users/driangle/workplace/gg/kleur/ts/src/types.ts","all":true,"statementMap":{},"s":{},"branchMap":{"0":{"type":"branch","line":1,"loc":{"start":{"line":1,"column":2921},"end":{"line":134,"column":22}},"locations":[{"start":{"line":1,"column":2921},"end":{"line":134,"column":22}}]}},"b":{"0":[1]},"fnMap":{"0":{"name":"(empty-report)","decl":{"start":{"line":1,"column":2921},"end":{"line":134,"column":22}},"loc":{"start":{"line":1,"column":2921},"end":{"line":134,"column":22}},"line":1}},"f":{"0":1}}
}
